{"numTotalTestSuites":172,"numPassedTestSuites":153,"numFailedTestSuites":19,"numPendingTestSuites":0,"numTotalTests":383,"numPassedTests":373,"numFailedTests":9,"numPendingTests":1,"numTodoTests":0,"snapshot":{"added":0,"failure":false,"filesAdded":0,"filesRemoved":0,"filesRemovedList":[],"filesUnmatched":0,"filesUpdated":0,"matched":0,"total":0,"unchecked":0,"uncheckedKeysByFile":[],"unmatched":0,"updated":0,"didUpdate":false},"startTime":1771311921002,"success":false,"testResults":[{"assertionResults":[{"ancestorTitles":["App"],"fullName":"App renders without crashing","status":"failed","title":"renders without crashing","duration":3186.2085830000005,"failureMessages":["Error: expect(received).toBeInTheDocument()\n\nreceived value must be an HTMLElement or an SVGElement.\nReceived has type:  Null\nReceived has value: null\n\nIgnored nodes: comments, script, style\n\u001b[36m<html\u001b[39m\n  \u001b[33mdata-font-size\u001b[39m=\u001b[32m\"md\"\u001b[39m\n  \u001b[33mlang\u001b[39m=\u001b[32m\"ko\"\u001b[39m\n\u001b[36m>\u001b[39m\n  \u001b[36m<head />\u001b[39m\n  \u001b[36m<body\u001b[39m\n    \u001b[33maria-controls\u001b[39m=\u001b[32m\"driver-popover-content\"\u001b[39m\n    \u001b[33maria-expanded\u001b[39m=\u001b[32m\"true\"\u001b[39m\n    \u001b[33maria-haspopup\u001b[39m=\u001b[32m\"dialog\"\u001b[39m\n    \u001b[33mclass\u001b[39m=\u001b[32m\"driver-active driver-fade driver-active-element\"\u001b[39m\n  \u001b[36m>\u001b[39m\n    \u001b[36m<div>\u001b[39m\n      \u001b[36m<a\u001b[39m\n        \u001b[33mclass\u001b[39m=\u001b[32m\"sr-only focus:not-sr-only focus:absolute focus:left-4 focus:top-4 focus:z-[100] focus:rounded-lg focus:bg-cyan-500 focus:px-4 focus:py-2 focus:text-slate-950 focus:outline-none focus:ring-2 focus:ring-cyan-400 focus:ring-offset-2 focus:ring-offset-slate-950 focus:whitespace-nowrap\"\u001b[39m\n        \u001b[33mhref\u001b[39m=\u001b[32m\"#main-content\"\u001b[39m\n      \u001b[36m>\u001b[39m\n        \u001b[0m본문으로 건너뛰기\u001b[0m\n      \u001b[36m</a>\u001b[39m\n      \u001b[36m<section\u001b[39m\n        \u001b[33maria-atomic\u001b[39m=\u001b[32m\"false\"\u001b[39m\n        \u001b[33maria-label\u001b[39m=\u001b[32m\"Notifications alt+T\"\u001b[39m\n        \u001b[33maria-live\u001b[39m=\u001b[32m\"polite\"\u001b[39m\n        \u001b[33maria-relevant\u001b[39m=\u001b[32m\"additions text\"\u001b[39m\n        \u001b[33mtabindex\u001b[39m=\u001b[32m\"-1\"\u001b[39m\n      \u001b[36m/>\u001b[39m\n      \u001b[36m<div\u001b[39m\n        \u001b[33mclass\u001b[39m=\u001b[32m\"min-h-screen text-white p-4 md:p-6\"\u001b[39m\n        \u001b[33mid\u001b[39m=\u001b[32m\"main-content\"\u001b[39m\n        \u001b[33mrole\u001b[39m=\u001b[32m\"main\"\u001b[39m\n        \u001b[33mstyle\u001b[39m=\u001b[32m\"background-color: rgb(10, 14, 39);\"\u001b[39m\n      \u001b[36m>\u001b[39m\n        \u001b[36m<div\u001b[39m\n          \u001b[33mclass\u001b[39m=\u001b[32m\"animate-pulse mb-8\"\u001b[39m\n        \u001b[36m>\u001b[39m\n          \u001b[36m<div\u001b[39m\n            \u001b[33mclass\u001b[39m=\u001b[32m\"h-10 bg-slate-700 rounded w-64 mb-2\"\u001b[39m\n          \u001b[36m/>\u001b[39m\n          \u001b[36m<div\u001b[39m\n            \u001b[33mclass\u001b[39m=\u001b[32m\"h-4 bg-slate-700 rounded w-96\"\u001b[39m\n          \u001b[36m/>\u001b[39m\n        \u001b[36m</div>\u001b[39m\n        \u001b[36m<div\u001b[39m\n          \u001b[33mclass\u001b[39m=\u001b[32m\"h-20 bg-slate-800/60 rounded-xl mb-6\"\u001b[39m\n        \u001b[36m/>\u001b[39m\n        \u001b[36m<div\u001b[39m\n          \u001b[33mclass\u001b[39m=\u001b[32m\"grid grid-cols-1 sm:grid-cols-2 lg:grid-cols-3 gap-4 md:gap-6\"\u001b[39m\n        \u001b[36m>\u001b[39m\n          \u001b[36m<div\u001b[39m\n            \u001b[33mclass\u001b[39m=\u001b[32m\"h-40 rounded-2xl bg-slate-800/60 border border-white/10\"\u001b[39m\n          \u001b[36m/>\u001b[39m\n          \u001b[36m<div\u001b[39m\n            \u001b[33mclass\u001b[39m=\u001b[32m\"h-40 rounded-2xl bg-slate-800/60 border border-white/10\"\u001b[39m\n          \u001b[36m/>\u001b[39m\n          \u001b[36m<div\u001b[39m\n            \u001b[33mclass\u001b[39m=\u001b[32m\"h-40 rounded-2xl bg-slate-800/60 border border-white/10\"\u001b[39m\n          \u001b[36m/>\u001b[39m\n          \u001b[36m<div\u001b[39m\n            \u001b[33mclass\u001b[39m=\u001b[32m\"h-40 rounded-2xl bg-slate-800/60 border border-white/10\"\u001b[39m\n          \u001b[36m/>\u001b[39m\n          \u001b[36m<div\u001b[39m\n            \u001b[33mclass\u001b[39m=\u001b[32m\"h-40 rounded-2xl bg-slate-800/60 border border-white/10\"\u001b[39m\n          \u001b[36m/>\u001b[39m\n          \u001b[36m<div\u001b[39m\n            \u001b[33mclass\u001b[39m=\u001b[32m\"h-40 rounded-2xl bg-slate-800/60 border border-white/10\"\u001b[39m\n          \u001b[36m/>\u001b[39m\n        \u001b[36m</div>\u001b[39m\n      \u001b[36m</div>\u001b[39m\n    \u001b[36m</div>\u001b[39m\n    \u001b[36m<div\u001b[39m\n      \u001b[33maria-describedby\u001b[39m=\u001b[32m\"driver-popover-description\"\u001b[39m\n      \u001b[33maria-labelledby\u001b[39m=\u001b[32m\"driver-popover-title\"\u001b[39m\n      \u001b[33mclass\u001b[39m=\u001b[32m\"driver-popover vibesmith-tour-popover\"\u001b[39m\n      \u001b[33mid\u001b[39m=\u001b[32m\"driver-popover-content\"\u001b[39m\n      \u001b[33mrole\u001b[39m=\u001b[32m\"dialog\"\u001b[39m\n      \u001b[33mstyle\u001b[39m=\u001b[32m\"display: block; left: 512px; right: auto; top: 384px; bottom: auto;\"\u001b[39m\n    \u001b[36m>\u001b[39m\n      \u001b[36m<button\u001b[39m\n        \u001b[33maria-label\u001b[39m=\u001b[32m\"Close\"\u001b[39m\n        \u001b[33mclass\u001b[39m=\u001b[32m\"driver-popover-close-btn\"\u001b[39m\n        \u001b[33mstyle\u001b[39m=\u001b[32m\"display: block;\"\u001b[39m\n        \u001b[33mtype\u001b[39m=\u001b[32m\"button\"\u001b[39m\n      \u001b[36m>\u001b[39m\n        \u001b[0m×\u001b[0m\n      \u001b[36m</button>\u001b[39m\n      \u001b[36m<div\u001b[39m\n        \u001b[33mclass\u001b[39m=\u001b[32m\"driver-popover-arrow driver-popover-arrow-side-over driver-popover-arrow-align-center\"\u001b[39m\n      \u001b[36m/>\u001b[39m\n      \u001b[36m<header\u001b[39m\n        \u001b[33mclass\u001b[39m=\u001b[32m\"driver-popover-title\"\u001b[39m\n        \u001b[33mid\u001b[39m=\u001b[32m\"driver-popover-title\"\u001b[39m\n        \u001b[33mstyle\u001b[39m=\u001b[32m\"display: block;\"\u001b[39m\n      \u001b[36m>\u001b[39m\n        \u001b[0mVibeSmith에 오신 것을 환영합니다! 🎉\u001b[0m\n      \u001b[36m</header>\u001b[39m\n      \u001b[36m<div\u001b[39m\n        \u001b[33mclass\u001b[39m=\u001b[32m\"driver-popover-description\"\u001b[39m\n        \u001b[33mid\u001b[39m=\u001b[32m\"driver-popover-description\"\u001b[39m\n        \u001b[33mstyle\u001b[39m=\u001b[32m\"display: block;\"\u001b[39m\n      \u001b[36m>\u001b[39m\n        \u001b[0mSkills, Agents, Commands, Hooks, Rules를 한 곳에서 관리하세요. 2분 투어로 핵심 기능을 둘러보세요!\u001b[0m\n      \u001b[36m</div>\u001b[39m\n      \u001b[36m<footer\u001b[39m\n        \u001b[33mclass\u001b[39m=\u001b[32m\"driver-popover-footer\"\u001b[39m\n        \u001b[33mstyle\u001b[39m=\u001b[32m\"display: flex;\"\u001b[39m\n      \u001b[36m>\u001b[39m\n        \u001b[36m<span\u001b[39m\n          \u001b[33mclass\u001b[39m=\u001b[32m\"driver-popover-progress-text\"\u001b[39m\n          \u001b[33mstyle\u001b[39m=\u001b[32m\"display: block;\"\u001b[39m\n        \u001b[36m>\u001b[39m\n          \u001b[0m1/5\u001b[0m\n        \u001b[36m</span>\u001b[39m\n        \u001b[36m<span\u001b[39m\n          \u001b[33mclass\u001b[39m=\u001b[32m\"driver-popover-navigation-btns\"\u001b[39m\n        \u001b[36m>\u001b[39m\n          \u001b[36m<button\u001b[39m\n            \u001b[33mclass\u001b[39m=\u001b[32m\"driver-popover-prev-btn driver-popover-btn-disabled\"\u001b[39m\n            \u001b[33mdisabled\u001b[39m=\u001b[32m\"\"\u001b[39m\n            \u001b[33mstyle\u001b[39m=\u001b[32m\"display: block;\"\u001b[39m\n            \u001b[33mtype\u001b[39m=\u001b[32m\"button\"\u001b[39m\n          \u001b[36m>\u001b[39m\n            \u001b[0m이전\u001b[0m\n          \u001b[36m</button>\u001b[39m\n          \u001b[36m<button\u001b[39m\n            \u001b[33mclass\u001b[39m=\u001b[32m\"driver-popover-next-btn\"\u001b[39m\n            \u001b[33mstyle\u001b[39m=\u001b[32m\"display: block;\"\u001b[39m\n            \u001b[33mtype\u001b[39m=\u001b[32m\"button\"\u001b[39m\n          \u001b[36m>\u001b[39m\n            \u001b[0m다음\u001b[0m\n          \u001b[36m</button>\u001b[39m\n        \u001b[36m</span>\u001b[39m\n      \u001b[36m</footer>\u001b[39m\n    \u001b[36m</div>\u001b[39m\n    \u001b[36m<svg\u001b[39m\n      \u001b[33mclass\u001b[39m=\u001b[32m\"driver-overlay driver-overlay-animated\"\u001b[39m\n      \u001b[33mpreserveAspectRatio\u001b[39m=\u001b[32m\"xMinYMin slice\"\u001b[39m\n      \u001b[33mstyle\u001b[39m=\u001b[32m\"fill-rule: evenodd; clip-rule: evenodd; stroke-linejoin: round; stroke-miterlimit: 2; z-index: 10000; position: fixed; top: 0px; left: 0px; width: 100%; height: 100%;\"\u001b[39m\n      \u001b[33mversion\u001b[39m=\u001b[32m\"1.1\"\u001b[39m\n      \u001b[33mviewBox\u001b[39m=\u001b[32m\"0 0 1024 768\"\u001b[39m\n      \u001b[33mxmlSpace\u001b[39m=\u001b[32m\"preserve\"\u001b[39m\n      \u001b[33mxmlnsXlink\u001b[39m=\u001b[32m\"http://www.w3.org/1999/xlink\"\u001b[39m\n    \u001b[36m>\u001b[39m\n      \u001b[36m<path\u001b[39m\n        \u001b[33md\u001b[39m=\u001b[32m\"M1024,0L0,0L0,768L1024,768L1024,0Z\n    M-5,-10 h10 a5,5 0 0 1 5,5 v10 a5,5 0 0 1 -5,5 h-10 a5,5 0 0 1 -5,-5 v-10 a5,5 0 0 1 5,-5 z\"\u001b[39m\n        \u001b[33mstyle\u001b[39m=\u001b[32m\"opacity: 0.7; pointer-events: auto; cursor: auto;\"\u001b[39m\n      \u001b[36m/>\u001b[39m\n    \u001b[36m</svg>\u001b[39m\n  \u001b[36m</body>\u001b[39m\n\u001b[36m</html>\u001b[39m...\n    at Proxy.expectWrapper (file:///Users/aroido_work/code/vibesmith/packages/web/node_modules/@vitest/expect/dist/index.js:1808:36)\n    at Proxy.<anonymous> (file:///Users/aroido_work/code/vibesmith/packages/web/node_modules/@vitest/expect/dist/index.js:1090:14)\n    at Proxy.methodWrapper (file:///Users/aroido_work/code/vibesmith/packages/web/node_modules/chai/index.js:1700:25)\n    at timeout (/Users/aroido_work/code/vibesmith/packages/web/src/App.test.tsx:17:21)\n    at runWithExpensiveErrorDiagnosticsDisabled (/Users/aroido_work/code/vibesmith/packages/web/node_modules/@testing-library/dom/dist/config.js:47:12)\n    at checkCallback (/Users/aroido_work/code/vibesmith/packages/web/node_modules/@testing-library/dom/dist/wait-for.js:124:77)\n    at Timeout.checkRealTimersCallback (/Users/aroido_work/code/vibesmith/packages/web/node_modules/@testing-library/dom/dist/wait-for.js:118:16)\n    at listOnTimeout (node:internal/timers:614:17)\n    at processTimers (node:internal/timers:549:7)"],"meta":{}},{"ancestorTitles":["App"],"fullName":"App should not have accessibility violations","status":"passed","title":"should not have accessibility violations","duration":710.4870419999997,"failureMessages":[],"meta":{}}],"startTime":1771311922959,"endTime":1771311926855.487,"status":"failed","message":"","name":"/Users/aroido_work/code/vibesmith/packages/web/src/App.test.tsx"},{"assertionResults":[],"startTime":1771311921002,"endTime":1771311921002,"status":"failed","message":"Playwright Test did not expect test.describe() to be called here.\nMost common reasons include:\n- You are calling test.describe() in a configuration file.\n- You are calling test.describe() in a file that is imported by the configuration file.\n- You have two different versions of @playwright/test. This usually happens\n  when one of the dependencies in your package.json depends on @playwright/test.","name":"/Users/aroido_work/code/vibesmith/packages/web/e2e/tests/dashboard.spec.ts"},{"assertionResults":[],"startTime":1771311921002,"endTime":1771311921002,"status":"failed","message":"Playwright Test did not expect test.describe() to be called here.\nMost common reasons include:\n- You are calling test.describe() in a configuration file.\n- You are calling test.describe() in a file that is imported by the configuration file.\n- You have two different versions of @playwright/test. This usually happens\n  when one of the dependencies in your package.json depends on @playwright/test.","name":"/Users/aroido_work/code/vibesmith/packages/web/e2e/tests/dependency-graph.spec.ts"},{"assertionResults":[],"startTime":1771311921002,"endTime":1771311921002,"status":"failed","message":"Playwright Test did not expect test.describe() to be called here.\nMost common reasons include:\n- You are calling test.describe() in a configuration file.\n- You are calling test.describe() in a file that is imported by the configuration file.\n- You have two different versions of @playwright/test. This usually happens\n  when one of the dependencies in your package.json depends on @playwright/test.","name":"/Users/aroido_work/code/vibesmith/packages/web/e2e/tests/project-detail.spec.ts"},{"assertionResults":[],"startTime":1771311921002,"endTime":1771311921002,"status":"failed","message":"Playwright Test did not expect test.describe() to be called here.\nMost common reasons include:\n- You are calling test.describe() in a configuration file.\n- You are calling test.describe() in a file that is imported by the configuration file.\n- You have two different versions of @playwright/test. This usually happens\n  when one of the dependencies in your package.json depends on @playwright/test.","name":"/Users/aroido_work/code/vibesmith/packages/web/e2e/tests/settings.spec.ts"},{"assertionResults":[],"startTime":1771311921002,"endTime":1771311921002,"status":"failed","message":"Playwright Test did not expect test.describe() to be called here.\nMost common reasons include:\n- You are calling test.describe() in a configuration file.\n- You are calling test.describe() in a file that is imported by the configuration file.\n- You have two different versions of @playwright/test. This usually happens\n  when one of the dependencies in your package.json depends on @playwright/test.","name":"/Users/aroido_work/code/vibesmith/packages/web/e2e/tests/trash.spec.ts"},{"assertionResults":[{"ancestorTitles":["useNetworkStatus"],"fullName":"useNetworkStatus 초기 온라인 상태를 반환한다","status":"passed","title":"초기 온라인 상태를 반환한다","duration":12.087666000000127,"failureMessages":[],"meta":{}},{"ancestorTitles":["useNetworkStatus"],"fullName":"useNetworkStatus 초기 오프라인 상태를 반환한다","status":"passed","title":"초기 오프라인 상태를 반환한다","duration":1.3034999999999854,"failureMessages":[],"meta":{}},{"ancestorTitles":["useNetworkStatus"],"fullName":"useNetworkStatus 온라인 이벤트를 감지한다","status":"passed","title":"온라인 이벤트를 감지한다","duration":4.708124999999882,"failureMessages":[],"meta":{}},{"ancestorTitles":["useNetworkStatus"],"fullName":"useNetworkStatus 오프라인 이벤트를 감지한다","status":"passed","title":"오프라인 이벤트를 감지한다","duration":5.018917000000101,"failureMessages":[],"meta":{}},{"ancestorTitles":["useNetworkStatus"],"fullName":"useNetworkStatus 여러 번의 상태 전환을 추적한다","status":"passed","title":"여러 번의 상태 전환을 추적한다","duration":5.533541000000014,"failureMessages":[],"meta":{}}],"startTime":1771311934858,"endTime":1771311934886.5334,"status":"passed","message":"","name":"/Users/aroido_work/code/vibesmith/packages/web/src/hooks/useNetworkStatus.test.ts"},{"assertionResults":[{"ancestorTitles":["SettingsPage Accessibility"],"fullName":"SettingsPage Accessibility should have no axe accessibility violations","status":"passed","title":"should have no axe accessibility violations","duration":856.7949160000003,"failureMessages":[],"meta":{}},{"ancestorTitles":["SettingsPage Accessibility"],"fullName":"SettingsPage Accessibility should have main landmark with id for skip link","status":"passed","title":"should have main landmark with id for skip link","duration":57.248333,"failureMessages":[],"meta":{}}],"startTime":1771311926220,"endTime":1771311927136.2483,"status":"passed","message":"","name":"/Users/aroido_work/code/vibesmith/packages/web/src/pages/SettingsPage.a11y.test.tsx"},{"assertionResults":[{"ancestorTitles":["error-handler","getErrorTypeFromStatus"],"fullName":"error-handler getErrorTypeFromStatus 401 상태 코드는 UNAUTHORIZED를 반환한다","status":"passed","title":"401 상태 코드는 UNAUTHORIZED를 반환한다","duration":0.8862500000000182,"failureMessages":[],"meta":{}},{"ancestorTitles":["error-handler","getErrorTypeFromStatus"],"fullName":"error-handler getErrorTypeFromStatus 403 상태 코드는 FORBIDDEN을 반환한다","status":"passed","title":"403 상태 코드는 FORBIDDEN을 반환한다","duration":0.26045799999997143,"failureMessages":[],"meta":{}},{"ancestorTitles":["error-handler","getErrorTypeFromStatus"],"fullName":"error-handler getErrorTypeFromStatus 404 상태 코드는 NOT_FOUND를 반환한다","status":"passed","title":"404 상태 코드는 NOT_FOUND를 반환한다","duration":0.11612500000001091,"failureMessages":[],"meta":{}},{"ancestorTitles":["error-handler","getErrorTypeFromStatus"],"fullName":"error-handler getErrorTypeFromStatus 400-499 상태 코드는 VALIDATION을 반환한다","status":"passed","title":"400-499 상태 코드는 VALIDATION을 반환한다","duration":0.20429200000012315,"failureMessages":[],"meta":{}},{"ancestorTitles":["error-handler","getErrorTypeFromStatus"],"fullName":"error-handler getErrorTypeFromStatus 500+ 상태 코드는 SERVER를 반환한다","status":"passed","title":"500+ 상태 코드는 SERVER를 반환한다","duration":0.07583299999987503,"failureMessages":[],"meta":{}},{"ancestorTitles":["error-handler","getErrorTypeFromStatus"],"fullName":"error-handler getErrorTypeFromStatus 알 수 없는 상태 코드는 UNKNOWN을 반환한다","status":"passed","title":"알 수 없는 상태 코드는 UNKNOWN을 반환한다","duration":0.04300000000012005,"failureMessages":[],"meta":{}},{"ancestorTitles":["error-handler","getUserFriendlyError"],"fullName":"error-handler getUserFriendlyError AppError를 사용자 친화적 메시지로 변환한다","status":"passed","title":"AppError를 사용자 친화적 메시지로 변환한다","duration":0.2644999999999982,"failureMessages":[],"meta":{}},{"ancestorTitles":["error-handler","getUserFriendlyError"],"fullName":"error-handler getUserFriendlyError 네트워크 에러를 감지한다","status":"passed","title":"네트워크 에러를 감지한다","duration":0.30683299999986957,"failureMessages":[],"meta":{}},{"ancestorTitles":["error-handler","getUserFriendlyError"],"fullName":"error-handler getUserFriendlyError 일반 Error를 처리한다","status":"passed","title":"일반 Error를 처리한다","duration":0.5323750000000018,"failureMessages":[],"meta":{}},{"ancestorTitles":["error-handler","getUserFriendlyError"],"fullName":"error-handler getUserFriendlyError 알 수 없는 에러 타입을 처리한다","status":"passed","title":"알 수 없는 에러 타입을 처리한다","duration":0.3084999999998672,"failureMessages":[],"meta":{}},{"ancestorTitles":["error-handler","showErrorToast"],"fullName":"error-handler showErrorToast 에러를 Toast로 표시한다","status":"passed","title":"에러를 Toast로 표시한다","duration":1.2377080000001115,"failureMessages":[],"meta":{}},{"ancestorTitles":["error-handler","handleError"],"fullName":"error-handler handleError 에러를 처리하고 Toast를 표시한다","status":"passed","title":"에러를 처리하고 Toast를 표시한다","duration":1.825749999999971,"failureMessages":[],"meta":{}},{"ancestorTitles":["error-handler","handleError"],"fullName":"error-handler handleError silent 옵션이 true면 Toast를 표시하지 않는다","status":"passed","title":"silent 옵션이 true면 Toast를 표시하지 않는다","duration":0.32808299999987867,"failureMessages":[],"meta":{}},{"ancestorTitles":["error-handler","handleError"],"fullName":"error-handler handleError 개발 환경에서는 콘솔에 에러를 출력한다","status":"passed","title":"개발 환경에서는 콘솔에 에러를 출력한다","duration":0.36924999999996544,"failureMessages":[],"meta":{}},{"ancestorTitles":["error-handler","parseApiError"],"fullName":"error-handler parseApiError API 응답을 AppError로 변환한다","status":"passed","title":"API 응답을 AppError로 변환한다","duration":0.483791999999994,"failureMessages":[],"meta":{}},{"ancestorTitles":["error-handler","parseApiError"],"fullName":"error-handler parseApiError data가 없으면 기본 메시지를 사용한다","status":"passed","title":"data가 없으면 기본 메시지를 사용한다","duration":0.06270900000004076,"failureMessages":[],"meta":{}}],"startTime":1771311935006,"endTime":1771311935014.484,"status":"passed","message":"","name":"/Users/aroido_work/code/vibesmith/packages/web/src/common/utils/error-handler.test.ts"},{"assertionResults":[{"ancestorTitles":["Toast Utilities","showSuccessToast"],"fullName":"Toast Utilities showSuccessToast 기본 성공 Toast를 표시한다","status":"passed","title":"기본 성공 Toast를 표시한다","duration":1.6597909999998137,"failureMessages":[],"meta":{}},{"ancestorTitles":["Toast Utilities","showSuccessToast"],"fullName":"Toast Utilities showSuccessToast 액션 버튼이 있는 성공 Toast를 표시한다","status":"passed","title":"액션 버튼이 있는 성공 Toast를 표시한다","duration":0.48604199999999764,"failureMessages":[],"meta":{}},{"ancestorTitles":["Toast Utilities","showSuccessToast"],"fullName":"Toast Utilities showSuccessToast 커스텀 duration을 사용한다","status":"passed","title":"커스텀 duration을 사용한다","duration":0.38516699999991033,"failureMessages":[],"meta":{}},{"ancestorTitles":["Toast Utilities","showErrorToast"],"fullName":"Toast Utilities showErrorToast 기본 에러 Toast를 표시한다","status":"passed","title":"기본 에러 Toast를 표시한다","duration":0.41599999999994,"failureMessages":[],"meta":{}},{"ancestorTitles":["Toast Utilities","showErrorToast"],"fullName":"Toast Utilities showErrorToast 액션 버튼이 있는 에러 Toast를 표시한다","status":"passed","title":"액션 버튼이 있는 에러 Toast를 표시한다","duration":0.30158399999982066,"failureMessages":[],"meta":{}},{"ancestorTitles":["Toast Utilities","showWarningToast"],"fullName":"Toast Utilities showWarningToast 경고 Toast를 표시한다","status":"passed","title":"경고 Toast를 표시한다","duration":0.12649999999985084,"failureMessages":[],"meta":{}},{"ancestorTitles":["Toast Utilities","showInfoToast"],"fullName":"Toast Utilities showInfoToast 정보 Toast를 표시한다","status":"passed","title":"정보 Toast를 표시한다","duration":0.16724999999996726,"failureMessages":[],"meta":{}},{"ancestorTitles":["Toast Utilities","showLoadingToast"],"fullName":"Toast Utilities showLoadingToast 로딩 Toast를 표시한다","status":"passed","title":"로딩 Toast를 표시한다","duration":0.09645799999998417,"failureMessages":[],"meta":{}},{"ancestorTitles":["Toast Utilities","dismissToast"],"fullName":"Toast Utilities dismissToast 특정 Toast를 닫는다","status":"passed","title":"특정 Toast를 닫는다","duration":0.3787080000001879,"failureMessages":[],"meta":{}},{"ancestorTitles":["Toast Utilities","dismissAllToasts"],"fullName":"Toast Utilities dismissAllToasts 모든 Toast를 닫는다","status":"passed","title":"모든 Toast를 닫는다","duration":0.0913749999999709,"failureMessages":[],"meta":{}},{"ancestorTitles":["Toast Utilities","toastPromise"],"fullName":"Toast Utilities toastPromise Promise의 로딩/성공/실패를 Toast로 표시한다","status":"passed","title":"Promise의 로딩/성공/실패를 Toast로 표시한다","duration":0.09487500000000182,"failureMessages":[],"meta":{}}],"startTime":1771311935087,"endTime":1771311935092.095,"status":"passed","message":"","name":"/Users/aroido_work/code/vibesmith/packages/web/src/common/utils/toast.test.ts"},{"assertionResults":[{"ancestorTitles":["ErrorBoundary"],"fullName":"ErrorBoundary 에러가 없을 때 자식 컴포넌트를 정상적으로 렌더링한다","status":"passed","title":"에러가 없을 때 자식 컴포넌트를 정상적으로 렌더링한다","duration":24.30941699999994,"failureMessages":[],"meta":{}},{"ancestorTitles":["ErrorBoundary"],"fullName":"ErrorBoundary 커스텀 폴백 컴포넌트를 렌더링한다","status":"passed","title":"커스텀 폴백 컴포넌트를 렌더링한다","duration":4.367582999999968,"failureMessages":[],"meta":{}},{"ancestorTitles":["ErrorBoundary"],"fullName":"ErrorBoundary 폴백 함수를 prop으로 받을 수 있다","status":"passed","title":"폴백 함수를 prop으로 받을 수 있다","duration":5.948208000000022,"failureMessages":[],"meta":{}}],"startTime":1771311934673,"endTime":1771311934707.9482,"status":"passed","message":"","name":"/Users/aroido_work/code/vibesmith/packages/web/src/components/common/ErrorBoundary.test.tsx"},{"assertionResults":[{"ancestorTitles":["OfflineBanner"],"fullName":"OfflineBanner 온라인 상태에서는 아무것도 렌더링하지 않는다","status":"passed","title":"온라인 상태에서는 아무것도 렌더링하지 않는다","duration":44.849292000000105,"failureMessages":[],"meta":{}},{"ancestorTitles":["OfflineBanner"],"fullName":"OfflineBanner 오프라인 상태에서 배너를 표시한다","status":"passed","title":"오프라인 상태에서 배너를 표시한다","duration":218.89645799999994,"failureMessages":[],"meta":{}},{"ancestorTitles":["OfflineBanner"],"fullName":"OfflineBanner 오프라인 배너에 적절한 아이콘이 표시된다","status":"passed","title":"오프라인 배너에 적절한 아이콘이 표시된다","duration":18.547665999999936,"failureMessages":[],"meta":{}},{"ancestorTitles":["OfflineBanner"],"fullName":"OfflineBanner 재연결 시 성공 메시지를 표시한다","status":"passed","title":"재연결 시 성공 메시지를 표시한다","duration":14.609666999999945,"failureMessages":[],"meta":{}},{"ancestorTitles":["OfflineBanner"],"fullName":"OfflineBanner 재연결 메시지는 3초 후 자동으로 숨겨진다","status":"skipped","title":"재연결 메시지는 3초 후 자동으로 숨겨진다","failureMessages":[],"meta":{}},{"ancestorTitles":["OfflineBanner"],"fullName":"OfflineBanner 접근성 속성이 올바르게 설정된다","status":"passed","title":"접근성 속성이 올바르게 설정된다","duration":10.498333000000002,"failureMessages":[],"meta":{}}],"startTime":1771311933087,"endTime":1771311933394.4983,"status":"passed","message":"","name":"/Users/aroido_work/code/vibesmith/packages/web/src/components/common/OfflineBanner.test.tsx"},{"assertionResults":[{"ancestorTitles":["i18n"],"fullName":"i18n should have default locale ko after reset","status":"passed","title":"should have default locale ko after reset","duration":1.755292000000054,"failureMessages":[],"meta":{}},{"ancestorTitles":["i18n"],"fullName":"i18n should render Korean translations by default","status":"passed","title":"should render Korean translations by default","duration":43.03620799999999,"failureMessages":[],"meta":{}},{"ancestorTitles":["i18n"],"fullName":"i18n should switch to English when changeLanguage is called","status":"passed","title":"should switch to English when changeLanguage is called","duration":14.219625000000178,"failureMessages":[],"meta":{}},{"ancestorTitles":["i18n"],"fullName":"i18n should persist locale to localStorage on language change","status":"passed","title":"should persist locale to localStorage on language change","duration":1.8595410000000356,"failureMessages":[],"meta":{}},{"ancestorTitles":["i18n"],"fullName":"i18n should fallback for missing keys","status":"passed","title":"should fallback for missing keys","duration":1.421583000000055,"failureMessages":[],"meta":{}},{"ancestorTitles":["i18n"],"fullName":"i18n should support interpolation","status":"passed","title":"should support interpolation","duration":4.005542000000105,"failureMessages":[],"meta":{}}],"startTime":1771311934690,"endTime":1771311934756.0056,"status":"passed","message":"","name":"/Users/aroido_work/code/vibesmith/packages/web/src/i18n/__tests__/i18n.test.tsx"},{"assertionResults":[{"ancestorTitles":["API Contract - MSW Handlers"],"fullName":"API Contract - MSW Handlers GET /api/projects returns array with required fields","status":"passed","title":"GET /api/projects returns array with required fields","duration":10.853333999999904,"failureMessages":[],"meta":{}},{"ancestorTitles":["API Contract - MSW Handlers"],"fullName":"API Contract - MSW Handlers GET /api/components returns array with required fields","status":"passed","title":"GET /api/components returns array with required fields","duration":2.296374999999898,"failureMessages":[],"meta":{}},{"ancestorTitles":["API Contract - MSW Handlers"],"fullName":"API Contract - MSW Handlers POST /api/components returns 201 with component","status":"passed","title":"POST /api/components returns 201 with component","duration":1.9904999999998836,"failureMessages":[],"meta":{}},{"ancestorTitles":["API Contract - MSW Handlers"],"fullName":"API Contract - MSW Handlers POST /api/scan returns scanned_projects and total_components","status":"passed","title":"POST /api/scan returns scanned_projects and total_components","duration":2.1308749999998327,"failureMessages":[],"meta":{}},{"ancestorTitles":["API Contract - MSW Handlers"],"fullName":"API Contract - MSW Handlers GET /api/stats returns dashboard stats shape","status":"passed","title":"GET /api/stats returns dashboard stats shape","duration":1.0327079999999569,"failureMessages":[],"meta":{}},{"ancestorTitles":["API Contract - MSW Handlers"],"fullName":"API Contract - MSW Handlers GET /api/system/status returns status shape","status":"passed","title":"GET /api/system/status returns status shape","duration":0.62824999999998,"failureMessages":[],"meta":{}},{"ancestorTitles":["API Contract - MSW Handlers"],"fullName":"API Contract - MSW Handlers handles API 404 error with detail","status":"passed","title":"handles API 404 error with detail","duration":2.761207999999897,"failureMessages":[],"meta":{}}],"startTime":1771311934980,"endTime":1771311935001.7612,"status":"passed","message":"","name":"/Users/aroido_work/code/vibesmith/packages/web/src/mocks/__tests__/api-contract.test.ts"},{"assertionResults":[{"ancestorTitles":["ComponentCreateForm"],"fullName":"ComponentCreateForm should render all fields","status":"passed","title":"should render all fields","duration":221.53250000000003,"failureMessages":[],"meta":{}},{"ancestorTitles":["ComponentCreateForm"],"fullName":"ComponentCreateForm should load template when type changes","status":"passed","title":"should load template when type changes","duration":97.10699999999997,"failureMessages":[],"meta":{}},{"ancestorTitles":["ComponentCreateForm"],"fullName":"ComponentCreateForm should show validation error when name is empty","status":"passed","title":"should show validation error when name is empty","duration":69.98241600000006,"failureMessages":[],"meta":{}},{"ancestorTitles":["ComponentCreateForm"],"fullName":"ComponentCreateForm should disable Create button when submitting","status":"passed","title":"should disable Create button when submitting","duration":327.00704199999996,"failureMessages":[],"meta":{}},{"ancestorTitles":["ComponentCreateForm"],"fullName":"ComponentCreateForm should show error when creation fails","status":"passed","title":"should show error when creation fails","duration":220.38750000000027,"failureMessages":[],"meta":{}},{"ancestorTitles":["ComponentCreateForm"],"fullName":"ComponentCreateForm should call window.confirm when Cancel with content","status":"passed","title":"should call window.confirm when Cancel with content","duration":190.18108299999994,"failureMessages":[],"meta":{}},{"ancestorTitles":["ComponentCreateForm"],"fullName":"ComponentCreateForm should have no accessibility violations","status":"passed","title":"should have no accessibility violations","duration":311.88599999999997,"failureMessages":[],"meta":{}}],"startTime":1771311924319,"endTime":1771311925756.886,"status":"passed","message":"","name":"/Users/aroido_work/code/vibesmith/packages/web/src/features/component-create/components/ComponentCreateForm.test.tsx"},{"assertionResults":[{"ancestorTitles":["ComponentCreatePage"],"fullName":"ComponentCreatePage should render page with heading and form","status":"passed","title":"should render page with heading and form","duration":399.48133399999983,"failureMessages":[],"meta":{}},{"ancestorTitles":["ComponentCreatePage"],"fullName":"ComponentCreatePage should create component and navigate to detail on success","status":"passed","title":"should create component and navigate to detail on success","duration":273.6472080000003,"failureMessages":[],"meta":{}},{"ancestorTitles":["ComponentCreatePage"],"fullName":"ComponentCreatePage should show toast on success","status":"passed","title":"should show toast on success","duration":265.6288340000001,"failureMessages":[],"meta":{}},{"ancestorTitles":["ComponentCreatePage"],"fullName":"ComponentCreatePage should show error when creation fails","status":"passed","title":"should show error when creation fails","duration":293.8196250000001,"failureMessages":[],"meta":{}}],"startTime":1771311925756,"endTime":1771311926988.8196,"status":"passed","message":"","name":"/Users/aroido_work/code/vibesmith/packages/web/src/features/component-create/components/ComponentCreatePage.test.tsx"},{"assertionResults":[{"ancestorTitles":["ComponentTypeSelector"],"fullName":"ComponentTypeSelector should render all type options (Skill, Agent, Command)","status":"passed","title":"should render all type options (Skill, Agent, Command)","duration":278.91091600000004,"failureMessages":[],"meta":{}},{"ancestorTitles":["ComponentTypeSelector"],"fullName":"ComponentTypeSelector should call onTypeChange when type selected","status":"passed","title":"should call onTypeChange when type selected","duration":131.29933299999993,"failureMessages":[],"meta":{}},{"ancestorTitles":["ComponentTypeSelector"],"fullName":"ComponentTypeSelector should mark selected type as checked","status":"passed","title":"should mark selected type as checked","duration":82.31854199999998,"failureMessages":[],"meta":{}},{"ancestorTitles":["ComponentTypeSelector"],"fullName":"ComponentTypeSelector should have required indicator on legend","status":"passed","title":"should have required indicator on legend","duration":2.7072080000002643,"failureMessages":[],"meta":{}},{"ancestorTitles":["ComponentTypeSelector"],"fullName":"ComponentTypeSelector should have no accessibility violations","status":"passed","title":"should have no accessibility violations","duration":81.71545900000001,"failureMessages":[],"meta":{}}],"startTime":1771311930815,"endTime":1771311931392.7156,"status":"passed","message":"","name":"/Users/aroido_work/code/vibesmith/packages/web/src/features/component-create/components/ComponentTypeSelector.test.tsx"},{"assertionResults":[{"ancestorTitles":["ProjectSelector"],"fullName":"ProjectSelector should render project dropdown with projects","status":"passed","title":"should render project dropdown with projects","duration":17.88612500000022,"failureMessages":[],"meta":{}},{"ancestorTitles":["ProjectSelector"],"fullName":"ProjectSelector should call onProjectChange when selection changes","status":"passed","title":"should call onProjectChange when selection changes","duration":344.3627080000001,"failureMessages":[],"meta":{}},{"ancestorTitles":["ProjectSelector"],"fullName":"ProjectSelector should show Loading... when isLoading","status":"passed","title":"should show Loading... when isLoading","duration":17.019415999999637,"failureMessages":[],"meta":{}},{"ancestorTitles":["ProjectSelector"],"fullName":"ProjectSelector should show empty option when no project selected","status":"passed","title":"should show empty option when no project selected","duration":2.053957999999966,"failureMessages":[],"meta":{}},{"ancestorTitles":["ProjectSelector"],"fullName":"ProjectSelector should have no accessibility violations","status":"passed","title":"should have no accessibility violations","duration":88.79741700000022,"failureMessages":[],"meta":{}}],"startTime":1771311928879,"endTime":1771311929349.7974,"status":"passed","message":"","name":"/Users/aroido_work/code/vibesmith/packages/web/src/features/component-create/components/ProjectSelector.test.tsx"},{"assertionResults":[{"ancestorTitles":["useCreateComponent"],"fullName":"useCreateComponent should create component and navigate to detail on success","status":"passed","title":"should create component and navigate to detail on success","duration":66.9362500000002,"failureMessages":[],"meta":{}},{"ancestorTitles":["useCreateComponent"],"fullName":"useCreateComponent should transition from pending to success","status":"passed","title":"should transition from pending to success","duration":55.57720899999981,"failureMessages":[],"meta":{}},{"ancestorTitles":["useCreateComponent"],"fullName":"useCreateComponent should set error when creation fails","status":"passed","title":"should set error when creation fails","duration":66.65999999999985,"failureMessages":[],"meta":{}}],"startTime":1771311933419,"endTime":1771311933607.66,"status":"passed","message":"","name":"/Users/aroido_work/code/vibesmith/packages/web/src/features/component-create/hooks/useCreateComponent.test.ts"},{"assertionResults":[{"ancestorTitles":["getComponent"],"fullName":"getComponent should return component detail on 200","status":"passed","title":"should return component detail on 200","duration":13.037582999999813,"failureMessages":[],"meta":{}},{"ancestorTitles":["getComponent"],"fullName":"getComponent should throw on 404","status":"passed","title":"should throw on 404","duration":2.956709000000046,"failureMessages":[],"meta":{}},{"ancestorTitles":["getComponent"],"fullName":"getComponent should throw on 500","status":"passed","title":"should throw on 500","duration":1.6962080000000697,"failureMessages":[],"meta":{}},{"ancestorTitles":["deleteComponent"],"fullName":"deleteComponent should succeed on 200","status":"passed","title":"should succeed on 200","duration":0.6829999999999927,"failureMessages":[],"meta":{}},{"ancestorTitles":["deleteComponent"],"fullName":"deleteComponent should throw on 404","status":"passed","title":"should throw on 404","duration":2.0084580000000187,"failureMessages":[],"meta":{}},{"ancestorTitles":["toggleComponent"],"fullName":"toggleComponent should succeed on 200","status":"passed","title":"should succeed on 200","duration":1.5579589999999826,"failureMessages":[],"meta":{}},{"ancestorTitles":["toggleComponent"],"fullName":"toggleComponent should send enabled in body when provided","status":"passed","title":"should send enabled in body when provided","duration":1.1095829999999296,"failureMessages":[],"meta":{}},{"ancestorTitles":["copyComponent"],"fullName":"copyComponent should call correct endpoint","status":"passed","title":"should call correct endpoint","duration":0.7725410000000466,"failureMessages":[],"meta":{}},{"ancestorTitles":["copyComponent"],"fullName":"copyComponent should send correct request body format","status":"passed","title":"should send correct request body format","duration":0.9307499999999891,"failureMessages":[],"meta":{}},{"ancestorTitles":["copyComponent"],"fullName":"copyComponent should parse response correctly","status":"passed","title":"should parse response correctly","duration":0.5117079999999987,"failureMessages":[],"meta":{}},{"ancestorTitles":["copyComponent"],"fullName":"copyComponent should throw on 400","status":"passed","title":"should throw on 400","duration":0.7200000000000273,"failureMessages":[],"meta":{}},{"ancestorTitles":["copyComponent"],"fullName":"copyComponent should throw on 404","status":"passed","title":"should throw on 404","duration":0.586084000000028,"failureMessages":[],"meta":{}},{"ancestorTitles":["copyComponent"],"fullName":"copyComponent should throw on 500","status":"passed","title":"should throw on 500","duration":0.47337500000003274,"failureMessages":[],"meta":{}}],"startTime":1771311934966,"endTime":1771311934993.4734,"status":"passed","message":"","name":"/Users/aroido_work/code/vibesmith/packages/web/src/features/component-detail/services/api.test.ts"},{"assertionResults":[{"ancestorTitles":["ComponentDetailActions"],"fullName":"ComponentDetailActions should show confirm modal when delete button clicked","status":"passed","title":"should show confirm modal when delete button clicked","duration":211.49241600000005,"failureMessages":[],"meta":{}},{"ancestorTitles":["ComponentDetailActions"],"fullName":"ComponentDetailActions should call onDelete when modal confirm clicked","status":"passed","title":"should call onDelete when modal confirm clicked","duration":84.90216599999985,"failureMessages":[],"meta":{}},{"ancestorTitles":["ComponentDetailActions"],"fullName":"ComponentDetailActions should call onToggle when toggle button clicked","status":"passed","title":"should call onToggle when toggle button clicked","duration":25.8936249999997,"failureMessages":[],"meta":{}},{"ancestorTitles":["ComponentDetailActions"],"fullName":"ComponentDetailActions should open CopyToProjectModal when copy button clicked","status":"passed","title":"should open CopyToProjectModal when copy button clicked","duration":159.5730410000001,"failureMessages":[],"meta":{}},{"ancestorTitles":["ComponentDetailActions"],"fullName":"ComponentDetailActions should close modal when cancel clicked","status":"passed","title":"should close modal when cancel clicked","duration":88.88383399999975,"failureMessages":[],"meta":{}},{"ancestorTitles":["ComponentDetailActions","DependencyWarningModal integration"],"fullName":"ComponentDetailActions DependencyWarningModal integration should show dependency warning modal when isDependencyWarningOpen","status":"passed","title":"should show dependency warning modal when isDependencyWarningOpen","duration":43.70633399999997,"failureMessages":[],"meta":{}},{"ancestorTitles":["ComponentDetailActions","DependencyWarningModal integration"],"fullName":"ComponentDetailActions DependencyWarningModal integration should call onDependencyWarningConfirm when Disable Anyway clicked","status":"passed","title":"should call onDependencyWarningConfirm when Disable Anyway clicked","duration":48.17820800000027,"failureMessages":[],"meta":{}},{"ancestorTitles":["ComponentDetailActions","DependencyWarningModal integration"],"fullName":"ComponentDetailActions DependencyWarningModal integration should call onDependencyWarningCancel when Cancel clicked","status":"passed","title":"should call onDependencyWarningCancel when Cancel clicked","duration":56.52412499999991,"failureMessages":[],"meta":{}},{"ancestorTitles":["ComponentDetailActions","DependencyWarningModal integration"],"fullName":"ComponentDetailActions DependencyWarningModal integration should not show dependency modal when isDependencyWarningOpen is false","status":"passed","title":"should not show dependency modal when isDependencyWarningOpen is false","duration":2.2351659999999356,"failureMessages":[],"meta":{}},{"ancestorTitles":["ComponentDetailActions","DependencyWarningModal integration"],"fullName":"ComponentDetailActions DependencyWarningModal integration should disable toggle button when isToggling","status":"passed","title":"should disable toggle button when isToggling","duration":12.55095799999981,"failureMessages":[],"meta":{}}],"startTime":1771311925780,"endTime":1771311926514.551,"status":"passed","message":"","name":"/Users/aroido_work/code/vibesmith/packages/web/src/features/component-detail/components/ComponentDetailActions.test.tsx"},{"assertionResults":[{"ancestorTitles":["ComponentDetailDependencies"],"fullName":"ComponentDetailDependencies should render depends_on list","status":"passed","title":"should render depends_on list","duration":201.89804099999992,"failureMessages":[],"meta":{}},{"ancestorTitles":["ComponentDetailDependencies"],"fullName":"ComponentDetailDependencies should render depended_by list","status":"passed","title":"should render depended_by list","duration":36.65174999999999,"failureMessages":[],"meta":{}},{"ancestorTitles":["ComponentDetailDependencies"],"fullName":"ComponentDetailDependencies should show \"없음\" when both arrays are empty","status":"passed","title":"should show \"없음\" when both arrays are empty","duration":2.1569160000001375,"failureMessages":[],"meta":{}}],"startTime":1771311931626,"endTime":1771311931866.157,"status":"passed","message":"","name":"/Users/aroido_work/code/vibesmith/packages/web/src/features/component-detail/components/ComponentDetailDependencies.test.tsx"},{"assertionResults":[{"ancestorTitles":["ComponentDetailPage Accessibility"],"fullName":"ComponentDetailPage Accessibility should have no axe accessibility violations","status":"passed","title":"should have no axe accessibility violations","duration":792.264291,"failureMessages":[],"meta":{}},{"ancestorTitles":["ComponentDetailPage Accessibility"],"fullName":"ComponentDetailPage Accessibility should have main landmark with id for skip link","status":"passed","title":"should have main landmark with id for skip link","duration":125.95454100000006,"failureMessages":[],"meta":{}}],"startTime":1771311925745,"endTime":1771311926662.9546,"status":"passed","message":"","name":"/Users/aroido_work/code/vibesmith/packages/web/src/features/component-detail/components/ComponentDetailPage.a11y.test.tsx"},{"assertionResults":[{"ancestorTitles":["ComponentDetailPage"],"fullName":"ComponentDetailPage should show loading skeleton when loading","status":"passed","title":"should show loading skeleton when loading","duration":159.19650000000001,"failureMessages":[],"meta":{}},{"ancestorTitles":["ComponentDetailPage"],"fullName":"ComponentDetailPage should show error message and retry button on error","status":"passed","title":"should show error message and retry button on error","duration":145.7873750000001,"failureMessages":[],"meta":{}},{"ancestorTitles":["ComponentDetailPage"],"fullName":"ComponentDetailPage should show 404 message and list link when not found","status":"passed","title":"should show 404 message and list link when not found","duration":160.218167,"failureMessages":[],"meta":{}},{"ancestorTitles":["ComponentDetailPage"],"fullName":"ComponentDetailPage should render name, type, metadata, content, dependencies on success","status":"passed","title":"should render name, type, metadata, content, dependencies on success","duration":161.3572079999999,"failureMessages":[],"meta":{}},{"ancestorTitles":["ComponentDetailPage","Copy to Project"],"fullName":"ComponentDetailPage Copy to Project should render Copy button and open modal on click","status":"passed","title":"should render Copy button and open modal on click","duration":385.6296659999998,"failureMessages":[],"meta":{}},{"ancestorTitles":["ComponentDetailPage","Copy to Project"],"fullName":"ComponentDetailPage Copy to Project should copy component and close modal on success","status":"passed","title":"should copy component and close modal on success","duration":362.56441600000016,"failureMessages":[],"meta":{}}],"startTime":1771311924593,"endTime":1771311925968.5645,"status":"passed","message":"","name":"/Users/aroido_work/code/vibesmith/packages/web/src/features/component-detail/components/ComponentDetailPage.test.tsx"},{"assertionResults":[{"ancestorTitles":["CopyToProjectModal"],"fullName":"CopyToProjectModal should render project list in dropdown","status":"passed","title":"should render project list in dropdown","duration":227.43145800000002,"failureMessages":[],"meta":{}},{"ancestorTitles":["CopyToProjectModal"],"fullName":"CopyToProjectModal should exclude source project from options","status":"passed","title":"should exclude source project from options","duration":89.82887499999993,"failureMessages":[],"meta":{}},{"ancestorTitles":["CopyToProjectModal"],"fullName":"CopyToProjectModal should toggle include dependencies checkbox","status":"passed","title":"should toggle include dependencies checkbox","duration":155.387792,"failureMessages":[],"meta":{}},{"ancestorTitles":["CopyToProjectModal"],"fullName":"CopyToProjectModal should call onSuccess when copy succeeds","status":"passed","title":"should call onSuccess when copy succeeds","duration":130.89812500000016,"failureMessages":[],"meta":{}},{"ancestorTitles":["CopyToProjectModal"],"fullName":"CopyToProjectModal should show loading state while copying","status":"passed","title":"should show loading state while copying","duration":172.14629100000002,"failureMessages":[],"meta":{}},{"ancestorTitles":["CopyToProjectModal"],"fullName":"CopyToProjectModal should display error message on 400","status":"passed","title":"should display error message on 400","duration":115.45524999999998,"failureMessages":[],"meta":{}},{"ancestorTitles":["CopyToProjectModal"],"fullName":"CopyToProjectModal should show \"복사할 프로젝트가 없습니다\" when no projects available","status":"passed","title":"should show \"복사할 프로젝트가 없습니다\" when no projects available","duration":55.99404200000026,"failureMessages":[],"meta":{}},{"ancestorTitles":["CopyToProjectModal"],"fullName":"CopyToProjectModal should not render when isOpen is false","status":"passed","title":"should not render when isOpen is false","duration":1.670415999999932,"failureMessages":[],"meta":{}},{"ancestorTitles":["CopyToProjectModal"],"fullName":"CopyToProjectModal should call onClose when cancel clicked","status":"passed","title":"should call onClose when cancel clicked","duration":60.74708299999975,"failureMessages":[],"meta":{}}],"startTime":1771311925593,"endTime":1771311926602.747,"status":"passed","message":"","name":"/Users/aroido_work/code/vibesmith/packages/web/src/features/component-detail/components/CopyToProjectModal.test.tsx"},{"assertionResults":[{"ancestorTitles":["DependencyWarningModal"],"fullName":"DependencyWarningModal should not render when isOpen is false","status":"passed","title":"should not render when isOpen is false","duration":28.63824999999997,"failureMessages":[],"meta":{}},{"ancestorTitles":["DependencyWarningModal"],"fullName":"DependencyWarningModal should render modal with title when isOpen","status":"passed","title":"should render modal with title when isOpen","duration":272.3433749999997,"failureMessages":[],"meta":{}},{"ancestorTitles":["DependencyWarningModal"],"fullName":"DependencyWarningModal should render affected dependencies list","status":"passed","title":"should render affected dependencies list","duration":68.32679099999996,"failureMessages":[],"meta":{}},{"ancestorTitles":["DependencyWarningModal"],"fullName":"DependencyWarningModal should call onConfirm when Disable Anyway clicked","status":"passed","title":"should call onConfirm when Disable Anyway clicked","duration":57.484750000000076,"failureMessages":[],"meta":{}},{"ancestorTitles":["DependencyWarningModal"],"fullName":"DependencyWarningModal should call onCancel when Cancel clicked","status":"passed","title":"should call onCancel when Cancel clicked","duration":116.28441599999996,"failureMessages":[],"meta":{}},{"ancestorTitles":["DependencyWarningModal"],"fullName":"DependencyWarningModal should render empty list when no dependencies","status":"passed","title":"should render empty list when no dependencies","duration":103.1752919999999,"failureMessages":[],"meta":{}},{"ancestorTitles":["DependencyWarningModal"],"fullName":"DependencyWarningModal should have no accessibility violations","status":"passed","title":"should have no accessibility violations","duration":121.79562499999975,"failureMessages":[],"meta":{}}],"startTime":1771311928444,"endTime":1771311929211.7957,"status":"passed","message":"","name":"/Users/aroido_work/code/vibesmith/packages/web/src/features/component-detail/components/DependencyWarningModal.test.tsx"},{"assertionResults":[{"ancestorTitles":["useComponentDetail"],"fullName":"useComponentDetail should return loading state initially","status":"passed","title":"should return loading state initially","duration":40.349042000000054,"failureMessages":[],"meta":{}},{"ancestorTitles":["useComponentDetail"],"fullName":"useComponentDetail should return data on success","status":"passed","title":"should return data on success","duration":56.526208,"failureMessages":[],"meta":{}},{"ancestorTitles":["useComponentDetail"],"fullName":"useComponentDetail should return error on 404","status":"passed","title":"should return error on 404","duration":53.981874999999945,"failureMessages":[],"meta":{}},{"ancestorTitles":["useComponentDetail"],"fullName":"useComponentDetail should return error on network/500","status":"passed","title":"should return error on network/500","duration":59.8224580000001,"failureMessages":[],"meta":{}},{"ancestorTitles":["useComponentDetail"],"fullName":"useComponentDetail should be disabled when id is undefined","status":"passed","title":"should be disabled when id is undefined","duration":5.019291000000067,"failureMessages":[],"meta":{}},{"ancestorTitles":["useComponentDetail"],"fullName":"useComponentDetail should be disabled when id is empty string","status":"passed","title":"should be disabled when id is empty string","duration":5.37179100000003,"failureMessages":[],"meta":{}}],"startTime":1771311933371,"endTime":1771311933593.3718,"status":"passed","message":"","name":"/Users/aroido_work/code/vibesmith/packages/web/src/features/component-detail/hooks/useComponentDetail.test.ts"},{"assertionResults":[{"ancestorTitles":["useCopyComponent"],"fullName":"useCopyComponent should invalidate queries on success","status":"passed","title":"should invalidate queries on success","duration":69.40591599999993,"failureMessages":[],"meta":{}},{"ancestorTitles":["useCopyComponent"],"fullName":"useCopyComponent should show success toast on success","status":"passed","title":"should show success toast on success","duration":55.65933300000006,"failureMessages":[],"meta":{}},{"ancestorTitles":["useCopyComponent"],"fullName":"useCopyComponent should show error toast on failure","status":"passed","title":"should show error toast on failure","duration":56.46729099999993,"failureMessages":[],"meta":{}},{"ancestorTitles":["useCopyComponent"],"fullName":"useCopyComponent should call onSuccess callback with response data","status":"passed","title":"should call onSuccess callback with response data","duration":53.3715000000002,"failureMessages":[],"meta":{}}],"startTime":1771311933329,"endTime":1771311933564.3716,"status":"passed","message":"","name":"/Users/aroido_work/code/vibesmith/packages/web/src/features/component-detail/hooks/useCopyComponent.test.ts"},{"assertionResults":[{"ancestorTitles":["useCopyComponent"],"fullName":"useCopyComponent should invalidate queries on success","status":"passed","title":"should invalidate queries on success","duration":78.39320799999996,"failureMessages":[],"meta":{}},{"ancestorTitles":["useCopyComponent"],"fullName":"useCopyComponent should show success toast on success","status":"passed","title":"should show success toast on success","duration":56.345417,"failureMessages":[],"meta":{}},{"ancestorTitles":["useCopyComponent"],"fullName":"useCopyComponent should show error toast on failure","status":"passed","title":"should show error toast on failure","duration":55.18558299999995,"failureMessages":[],"meta":{}},{"ancestorTitles":["useCopyComponent"],"fullName":"useCopyComponent should call onSuccess callback with response data","status":"passed","title":"should call onSuccess callback with response data","duration":54.25745800000004,"failureMessages":[],"meta":{}}],"startTime":1771311933189,"endTime":1771311933434.2576,"status":"passed","message":"","name":"/Users/aroido_work/code/vibesmith/packages/web/src/features/component-detail/hooks/useCopyComponent.test.tsx"},{"assertionResults":[{"ancestorTitles":["useComponent"],"fullName":"useComponent should fetch component when componentId is provided","status":"passed","title":"should fetch component when componentId is provided","duration":69.87249999999995,"failureMessages":[],"meta":{}},{"ancestorTitles":["useComponent"],"fullName":"useComponent should return loading state initially","status":"passed","title":"should return loading state initially","duration":6.045875000000024,"failureMessages":[],"meta":{}},{"ancestorTitles":["useComponent"],"fullName":"useComponent should not fetch when componentId is undefined","status":"passed","title":"should not fetch when componentId is undefined","duration":4.386999999999944,"failureMessages":[],"meta":{}},{"ancestorTitles":["useComponent"],"fullName":"useComponent should handle API error","status":"passed","title":"should handle API error","duration":57.489958000000115,"failureMessages":[],"meta":{}}],"startTime":1771311933740,"endTime":1771311933878.49,"status":"passed","message":"","name":"/Users/aroido_work/code/vibesmith/packages/web/src/features/component-edit/hooks/useComponent.test.ts"},{"assertionResults":[{"ancestorTitles":["useUpdateComponent"],"fullName":"useUpdateComponent should mutate and navigate on success","status":"passed","title":"should mutate and navigate on success","duration":66.16929099999993,"failureMessages":[],"meta":{}},{"ancestorTitles":["useUpdateComponent"],"fullName":"useUpdateComponent should set error when mutation fails","status":"passed","title":"should set error when mutation fails","duration":54.58545800000002,"failureMessages":[],"meta":{}}],"startTime":1771311934956,"endTime":1771311935076.5854,"status":"passed","message":"","name":"/Users/aroido_work/code/vibesmith/packages/web/src/features/component-edit/hooks/useUpdateComponent.test.ts"},{"assertionResults":[{"ancestorTitles":["ComponentActions"],"fullName":"ComponentActions should render edit, toggle, delete buttons when not editing","status":"passed","title":"should render edit, toggle, delete buttons when not editing","duration":162.323083,"failureMessages":[],"meta":{}},{"ancestorTitles":["ComponentActions"],"fullName":"ComponentActions should call onEdit when edit button clicked","status":"passed","title":"should call onEdit when edit button clicked","duration":85.34679200000005,"failureMessages":[],"meta":{}},{"ancestorTitles":["ComponentActions"],"fullName":"ComponentActions should call onToggle when toggle button clicked","status":"passed","title":"should call onToggle when toggle button clicked","duration":45.12679200000002,"failureMessages":[],"meta":{}},{"ancestorTitles":["ComponentActions"],"fullName":"ComponentActions should call onDelete when delete button clicked","status":"passed","title":"should call onDelete when delete button clicked","duration":28.132708000000093,"failureMessages":[],"meta":{}},{"ancestorTitles":["ComponentActions"],"fullName":"ComponentActions should show Save and Cancel when isEditing","status":"passed","title":"should show Save and Cancel when isEditing","duration":15.302500000000009,"failureMessages":[],"meta":{}},{"ancestorTitles":["ComponentActions"],"fullName":"ComponentActions should show Toggle On when disabled","status":"passed","title":"should show Toggle On when disabled","duration":14.467542000000094,"failureMessages":[],"meta":{}}],"startTime":1771311931296,"endTime":1771311931646.4675,"status":"passed","message":"","name":"/Users/aroido_work/code/vibesmith/packages/web/src/features/component-edit/components/ComponentActions.test.tsx"},{"assertionResults":[{"ancestorTitles":["ComponentContent"],"fullName":"ComponentContent should render content in read mode","status":"passed","title":"should render content in read mode","duration":208.58791700000006,"failureMessages":[],"meta":{}},{"ancestorTitles":["ComponentContent"],"fullName":"ComponentContent should render textarea in edit mode","status":"passed","title":"should render textarea in edit mode","duration":27.84962500000006,"failureMessages":[],"meta":{}},{"ancestorTitles":["ComponentContent"],"fullName":"ComponentContent should call onContentChange when content changed in edit mode","status":"passed","title":"should call onContentChange when content changed in edit mode","duration":82.93562500000007,"failureMessages":[],"meta":{}},{"ancestorTitles":["ComponentContent"],"fullName":"ComponentContent should preserve content when switching to edit mode","status":"passed","title":"should preserve content when switching to edit mode","duration":15.03924999999981,"failureMessages":[],"meta":{}}],"startTime":1771311933152,"endTime":1771311933495.0393,"status":"passed","message":"","name":"/Users/aroido_work/code/vibesmith/packages/web/src/features/component-edit/components/ComponentContent.test.tsx"},{"assertionResults":[{"ancestorTitles":["ComponentEditPage"],"fullName":"ComponentEditPage should show loading skeleton when loading","status":"passed","title":"should show loading skeleton when loading","duration":131.32508400000006,"failureMessages":[],"meta":{}},{"ancestorTitles":["ComponentEditPage"],"fullName":"ComponentEditPage should load component data and populate form","status":"passed","title":"should load component data and populate form","duration":129.68820800000003,"failureMessages":[],"meta":{}},{"ancestorTitles":["ComponentEditPage"],"fullName":"ComponentEditPage should show 404 and list link when not found","status":"passed","title":"should show 404 and list link when not found","duration":109.80562499999996,"failureMessages":[],"meta":{}},{"ancestorTitles":["ComponentEditPage"],"fullName":"ComponentEditPage should show retry button on generic error","status":"passed","title":"should show retry button on generic error","duration":34.960415999999896,"failureMessages":[],"meta":{}},{"ancestorTitles":["ComponentEditPage"],"fullName":"ComponentEditPage should save changes and navigate to detail on success","status":"passed","title":"should save changes and navigate to detail on success","duration":234.84854200000018,"failureMessages":[],"meta":{}},{"ancestorTitles":["ComponentEditPage"],"fullName":"ComponentEditPage should disable Save button when saving","status":"passed","title":"should disable Save button when saving","duration":166.910167,"failureMessages":[],"meta":{}}],"startTime":1771311925910,"endTime":1771311926717.9102,"status":"passed","message":"","name":"/Users/aroido_work/code/vibesmith/packages/web/src/features/component-edit/components/ComponentEditPage.test.tsx"},{"assertionResults":[{"ancestorTitles":["ComponentTypeDisplay"],"fullName":"ComponentTypeDisplay should render skill type","status":"passed","title":"should render skill type","duration":75.94420800000012,"failureMessages":[],"meta":{}},{"ancestorTitles":["ComponentTypeDisplay"],"fullName":"ComponentTypeDisplay should render agent type","status":"passed","title":"should render agent type","duration":2.805125000000089,"failureMessages":[],"meta":{}},{"ancestorTitles":["ComponentTypeDisplay"],"fullName":"ComponentTypeDisplay should render command type","status":"passed","title":"should render command type","duration":10.855209000000059,"failureMessages":[],"meta":{}},{"ancestorTitles":["ComponentTypeDisplay"],"fullName":"ComponentTypeDisplay should not be editable (read-only)","status":"passed","title":"should not be editable (read-only)","duration":7.528583000000026,"failureMessages":[],"meta":{}},{"ancestorTitles":["ComponentTypeDisplay"],"fullName":"ComponentTypeDisplay should have no accessibility violations","status":"passed","title":"should have no accessibility violations","duration":191.85408300000017,"failureMessages":[],"meta":{}}],"startTime":1771311931182,"endTime":1771311931470.854,"status":"passed","message":"","name":"/Users/aroido_work/code/vibesmith/packages/web/src/features/component-edit/components/ComponentTypeDisplay.test.tsx"},{"assertionResults":[{"ancestorTitles":["ProjectDisplay"],"fullName":"ProjectDisplay should render project name","status":"passed","title":"should render project name","duration":38.009291000000076,"failureMessages":[],"meta":{}},{"ancestorTitles":["ProjectDisplay"],"fullName":"ProjectDisplay should not be editable (read-only)","status":"passed","title":"should not be editable (read-only)","duration":4.341875000000073,"failureMessages":[],"meta":{}},{"ancestorTitles":["ProjectDisplay"],"fullName":"ProjectDisplay should have no accessibility violations","status":"passed","title":"should have no accessibility violations","duration":217.29904199999987,"failureMessages":[],"meta":{}}],"startTime":1771311930908,"endTime":1771311931168.299,"status":"passed","message":"","name":"/Users/aroido_work/code/vibesmith/packages/web/src/features/component-edit/components/ProjectDisplay.test.tsx"},{"assertionResults":[{"ancestorTitles":["getComponent (re-export)"],"fullName":"getComponent (re-export) should return component on 200","status":"passed","title":"should return component on 200","duration":9.108000000000175,"failureMessages":[],"meta":{}},{"ancestorTitles":["getComponent (re-export)"],"fullName":"getComponent (re-export) should throw on 404","status":"passed","title":"should throw on 404","duration":1.8038750000000618,"failureMessages":[],"meta":{}},{"ancestorTitles":["updateComponent"],"fullName":"updateComponent should succeed on 200","status":"passed","title":"should succeed on 200","duration":1.5887499999998909,"failureMessages":[],"meta":{}},{"ancestorTitles":["updateComponent"],"fullName":"updateComponent should throw ApiError on 404","status":"passed","title":"should throw ApiError on 404","duration":2.0806250000000546,"failureMessages":[],"meta":{}},{"ancestorTitles":["updateComponent"],"fullName":"updateComponent should throw on 400","status":"passed","title":"should throw on 400","duration":1.5951250000000528,"failureMessages":[],"meta":{}},{"ancestorTitles":["updateComponent"],"fullName":"updateComponent should throw on 409","status":"passed","title":"should throw on 409","duration":1.424291999999923,"failureMessages":[],"meta":{}},{"ancestorTitles":["updateComponent"],"fullName":"updateComponent should throw on 500","status":"passed","title":"should throw on 500","duration":0.9600840000000517,"failureMessages":[],"meta":{}}],"startTime":1771311935131,"endTime":1771311935149.9602,"status":"passed","message":"","name":"/Users/aroido_work/code/vibesmith/packages/web/src/features/component-edit/services/api.test.ts"},{"assertionResults":[{"ancestorTitles":["extractBody"],"fullName":"extractBody should extract body after frontmatter","status":"passed","title":"should extract body after frontmatter","duration":0.56574999999998,"failureMessages":[],"meta":{}},{"ancestorTitles":["extractBody"],"fullName":"extractBody should return full content when no frontmatter","status":"passed","title":"should return full content when no frontmatter","duration":0.20987500000001091,"failureMessages":[],"meta":{}},{"ancestorTitles":["extractBody"],"fullName":"extractBody should handle empty body","status":"passed","title":"should handle empty body","duration":0.12020900000004531,"failureMessages":[],"meta":{}},{"ancestorTitles":["extractBody"],"fullName":"extractBody should handle CRLF line endings","status":"passed","title":"should handle CRLF line endings","duration":0.2035840000000917,"failureMessages":[],"meta":{}},{"ancestorTitles":["parseFrontmatter"],"fullName":"parseFrontmatter should parse frontmatter key-value pairs","status":"passed","title":"should parse frontmatter key-value pairs","duration":0.3901250000000118,"failureMessages":[],"meta":{}},{"ancestorTitles":["parseFrontmatter"],"fullName":"parseFrontmatter should return empty object when no frontmatter","status":"passed","title":"should return empty object when no frontmatter","duration":0.06441599999993741,"failureMessages":[],"meta":{}},{"ancestorTitles":["assembleContent"],"fullName":"assembleContent should assemble frontmatter and body","status":"passed","title":"should assemble frontmatter and body","duration":0.2289580000000342,"failureMessages":[],"meta":{}},{"ancestorTitles":["assembleContent"],"fullName":"assembleContent should work with null existing frontmatter","status":"passed","title":"should work with null existing frontmatter","duration":0.041166999999973086,"failureMessages":[],"meta":{}}],"startTime":1771311935502,"endTime":1771311935504.0413,"status":"passed","message":"","name":"/Users/aroido_work/code/vibesmith/packages/web/src/features/component-edit/services/content-parser.test.ts"},{"assertionResults":[{"ancestorTitles":["Filters Integration"],"fullName":"Filters Integration renders all filter components","status":"passed","title":"renders all filter components","duration":50.12429199999997,"failureMessages":[],"meta":{}},{"ancestorTitles":["Filters Integration"],"fullName":"Filters Integration applies type filter","status":"passed","title":"applies type filter","duration":178.08199999999988,"failureMessages":[],"meta":{}},{"ancestorTitles":["Filters Integration"],"fullName":"Filters Integration applies project filter","status":"passed","title":"applies project filter","duration":82.12024999999994,"failureMessages":[],"meta":{}},{"ancestorTitles":["Filters Integration"],"fullName":"Filters Integration applies search filter with debounce","status":"passed","title":"applies search filter with debounce","duration":389.373208,"failureMessages":[],"meta":{}},{"ancestorTitles":["Filters Integration"],"fullName":"Filters Integration applies tag filter","status":"passed","title":"applies tag filter","duration":217.16441699999996,"failureMessages":[],"meta":{}},{"ancestorTitles":["Filters Integration"],"fullName":"Filters Integration combines multiple filters","status":"passed","title":"combines multiple filters","duration":528.3892919999998,"failureMessages":[],"meta":{}},{"ancestorTitles":["Filters Integration"],"fullName":"Filters Integration shows active filters summary","status":"passed","title":"shows active filters summary","duration":96.16162500000019,"failureMessages":[],"meta":{}},{"ancestorTitles":["Filters Integration"],"fullName":"Filters Integration clears all filters","status":"passed","title":"clears all filters","duration":423.8885839999998,"failureMessages":[],"meta":{}},{"ancestorTitles":["Filters Integration"],"fullName":"Filters Integration initializes filters from URL search params","status":"passed","title":"initializes filters from URL search params","duration":14.548917000000074,"failureMessages":[],"meta":{}},{"ancestorTitles":["Filters Integration"],"fullName":"Filters Integration persists filter changes into URL search params","status":"passed","title":"persists filter changes into URL search params","duration":462.986625,"failureMessages":[],"meta":{}}],"startTime":1771311923161,"endTime":1771311925603.9866,"status":"passed","message":"","name":"/Users/aroido_work/code/vibesmith/packages/web/src/features/component-list/__tests__/filters.integration.test.tsx"},{"assertionResults":[{"ancestorTitles":["ComponentList Integration"],"fullName":"ComponentList Integration should fetch and display components from API","status":"passed","title":"should fetch and display components from API","duration":221.51704199999995,"failureMessages":[],"meta":{}},{"ancestorTitles":["ComponentList Integration"],"fullName":"ComponentList Integration should refetch with type filter when Skills tab clicked","status":"passed","title":"should refetch with type filter when Skills tab clicked","duration":376.0243330000003,"failureMessages":[],"meta":{}},{"ancestorTitles":["ComponentList Integration"],"fullName":"ComponentList Integration should refetch with type filter when Agents tab clicked","status":"passed","title":"should refetch with type filter when Agents tab clicked","duration":150.93662499999982,"failureMessages":[],"meta":{}},{"ancestorTitles":["ComponentList Integration"],"fullName":"ComponentList Integration should filter by status when Status filter changed","status":"passed","title":"should filter by status when Status filter changed","duration":141.25733300000002,"failureMessages":[],"meta":{}},{"ancestorTitles":["ComponentList Integration"],"fullName":"ComponentList Integration should display error and retry when API fails","status":"passed","title":"should display error and retry when API fails","duration":162.26970800000026,"failureMessages":[],"meta":{}}],"startTime":1771311927960,"endTime":1771311929015.2698,"status":"passed","message":"","name":"/Users/aroido_work/code/vibesmith/packages/web/src/features/component-list/__tests__/integration.test.tsx"},{"assertionResults":[{"ancestorTitles":["useComponents"],"fullName":"useComponents should fetch components with empty filters","status":"passed","title":"should fetch components with empty filters","duration":83.2616660000001,"failureMessages":[],"meta":{}},{"ancestorTitles":["useComponents"],"fullName":"useComponents should fetch filtered by type when type filter provided","status":"passed","title":"should fetch filtered by type when type filter provided","duration":58.73287500000015,"failureMessages":[],"meta":{}},{"ancestorTitles":["useComponents"],"fullName":"useComponents should return loading state initially","status":"passed","title":"should return loading state initially","duration":5.9432919999999285,"failureMessages":[],"meta":{}},{"ancestorTitles":["useComponents"],"fullName":"useComponents should use different queryKey when filters change","status":"passed","title":"should use different queryKey when filters change","duration":115.7785829999998,"failureMessages":[],"meta":{}},{"ancestorTitles":["useComponents"],"fullName":"useComponents should handle API error","status":"passed","title":"should handle API error","duration":64.79487500000005,"failureMessages":[],"meta":{}}],"startTime":1771311931201,"endTime":1771311931529.795,"status":"passed","message":"","name":"/Users/aroido_work/code/vibesmith/packages/web/src/features/component-list/hooks/useComponents.test.ts"},{"assertionResults":[{"ancestorTitles":["ComponentList"],"fullName":"ComponentList should show loading skeleton when isLoading is true","status":"passed","title":"should show loading skeleton when isLoading is true","duration":200.3444159999999,"failureMessages":[],"meta":{}},{"ancestorTitles":["ComponentList"],"fullName":"ComponentList should show error message when error is present","status":"passed","title":"should show error message when error is present","duration":21.386165999999776,"failureMessages":[],"meta":{}},{"ancestorTitles":["ComponentList"],"fullName":"ComponentList should show retry button when error and onRetry provided","status":"passed","title":"should show retry button when error and onRetry provided","duration":84.48633400000017,"failureMessages":[],"meta":{}},{"ancestorTitles":["ComponentList"],"fullName":"ComponentList should show empty state when no components","status":"passed","title":"should show empty state when no components","duration":1.5895839999998316,"failureMessages":[],"meta":{}},{"ancestorTitles":["ComponentList"],"fullName":"ComponentList should show type-specific empty message when type filter applied","status":"passed","title":"should show type-specific empty message when type filter applied","duration":1.8173339999998461,"failureMessages":[],"meta":{}},{"ancestorTitles":["ComponentList"],"fullName":"ComponentList should render component list when data exists","status":"passed","title":"should render component list when data exists","duration":33.011041999999634,"failureMessages":[],"meta":{}},{"ancestorTitles":["ComponentList"],"fullName":"ComponentList should have no accessibility violations in list state","status":"passed","title":"should have no accessibility violations in list state","duration":196.64174999999977,"failureMessages":[],"meta":{}}],"startTime":1771311929013,"endTime":1771311929552.6418,"status":"passed","message":"","name":"/Users/aroido_work/code/vibesmith/packages/web/src/features/component-list/components/ComponentList.test.tsx"},{"assertionResults":[{"ancestorTitles":["ComponentListFilters"],"fullName":"ComponentListFilters should render Status filter alongside other filters","status":"passed","title":"should render Status filter alongside other filters","duration":135.37404100000003,"failureMessages":[],"meta":{}},{"ancestorTitles":["ComponentListFilters"],"fullName":"ComponentListFilters should call onStatusFilterChange when status filter changes","status":"passed","title":"should call onStatusFilterChange when status filter changes","duration":72.22837499999991,"failureMessages":[],"meta":{}}],"startTime":1771311933524,"endTime":1771311933731.2283,"status":"passed","message":"","name":"/Users/aroido_work/code/vibesmith/packages/web/src/features/component-list/components/ComponentListFilters.test.tsx"},{"assertionResults":[{"ancestorTitles":["ComponentListItem"],"fullName":"ComponentListItem should render component name and description","status":"passed","title":"should render component name and description","duration":50.25258399999984,"failureMessages":[],"meta":{}},{"ancestorTitles":["ComponentListItem"],"fullName":"ComponentListItem should display enabled badge when enabled","status":"passed","title":"should display enabled badge when enabled","duration":211.44299999999976,"failureMessages":[],"meta":{}},{"ancestorTitles":["ComponentListItem"],"fullName":"ComponentListItem should display disabled badge when not enabled","status":"passed","title":"should display disabled badge when not enabled","duration":36.52229200000011,"failureMessages":[],"meta":{}},{"ancestorTitles":["ComponentListItem"],"fullName":"ComponentListItem should display tags when present","status":"passed","title":"should display tags when present","duration":39.246042000000216,"failureMessages":[],"meta":{}},{"ancestorTitles":["ComponentListItem"],"fullName":"ComponentListItem should not render tags section when tags array is empty","status":"passed","title":"should not render tags section when tags array is empty","duration":10.349917000000005,"failureMessages":[],"meta":{}},{"ancestorTitles":["ComponentListItem"],"fullName":"ComponentListItem should display path with folder icon","status":"passed","title":"should display path with folder icon","duration":2.654207999999926,"failureMessages":[],"meta":{}},{"ancestorTitles":["ComponentListItem"],"fullName":"ComponentListItem should render with semantic article element","status":"passed","title":"should render with semantic article element","duration":19.327749999999924,"failureMessages":[],"meta":{}},{"ancestorTitles":["ComponentListItem"],"fullName":"ComponentListItem should have no accessibility violations","status":"passed","title":"should have no accessibility violations","duration":158.8968749999999,"failureMessages":[],"meta":{}}],"startTime":1771311929064,"endTime":1771311929592.897,"status":"passed","message":"","name":"/Users/aroido_work/code/vibesmith/packages/web/src/features/component-list/components/ComponentListItem.test.tsx"},{"assertionResults":[{"ancestorTitles":["ComponentListPage Accessibility"],"fullName":"ComponentListPage Accessibility should have no accessibility violations","status":"passed","title":"should have no accessibility violations","duration":737.373875,"failureMessages":[],"meta":{}},{"ancestorTitles":["ComponentListPage Accessibility"],"fullName":"ComponentListPage Accessibility should allow keyboard navigation to type filter tabs","status":"passed","title":"should allow keyboard navigation to type filter tabs","duration":102.87654199999997,"failureMessages":[],"meta":{}},{"ancestorTitles":["ComponentListPage Accessibility"],"fullName":"ComponentListPage Accessibility should activate tab with Enter key","status":"passed","title":"should activate tab with Enter key","duration":91.79766700000027,"failureMessages":[],"meta":{}},{"ancestorTitles":["ComponentListPage Accessibility"],"fullName":"ComponentListPage Accessibility should have proper landmark structure","status":"passed","title":"should have proper landmark structure","duration":48.270500000000084,"failureMessages":[],"meta":{}},{"ancestorTitles":["ComponentListPage Accessibility"],"fullName":"ComponentListPage Accessibility should have descriptive aria-labels on filter tabs","status":"passed","title":"should have descriptive aria-labels on filter tabs","duration":59.04500000000007,"failureMessages":[],"meta":{}}],"startTime":1771311925714,"endTime":1771311926753.045,"status":"passed","message":"","name":"/Users/aroido_work/code/vibesmith/packages/web/src/features/component-list/components/ComponentListPage.a11y.test.tsx"},{"assertionResults":[{"ancestorTitles":["ComponentStatus"],"fullName":"ComponentStatus should render check mark when enabled","status":"passed","title":"should render check mark when enabled","duration":15.007207999999991,"failureMessages":[],"meta":{}},{"ancestorTitles":["ComponentStatus"],"fullName":"ComponentStatus should render cross when disabled","status":"passed","title":"should render cross when disabled","duration":2.3185410000000957,"failureMessages":[],"meta":{}}],"startTime":1771311934873,"endTime":1771311934890.3186,"status":"passed","message":"","name":"/Users/aroido_work/code/vibesmith/packages/web/src/features/component-list/components/ComponentStatus.test.tsx"},{"assertionResults":[{"ancestorTitles":["ComponentTypeFilter"],"fullName":"ComponentTypeFilter should render all tabs","status":"passed","title":"should render all tabs","duration":310.9604999999999,"failureMessages":[],"meta":{}},{"ancestorTitles":["ComponentTypeFilter"],"fullName":"ComponentTypeFilter should call onTypeChange when tab clicked","status":"passed",
[...]
    \u001b[33mcx\u001b[39m=\u001b[32m\"7\"\u001b[39m\n                \u001b[33mcy\u001b[39m=\u001b[32m\"7\"\u001b[39m\n                \u001b[33mr\u001b[39m=\u001b[32m\"3\"\u001b[39m\n              \u001b[36m/>\u001b[39m\n            \u001b[36m</svg>\u001b[39m\n            \u001b[36m<span>\u001b[39m\n              \u001b[0m설정\u001b[0m\n            \u001b[36m</span>\u001b[39m\n          \u001b[36m</a>\u001b[39m\n        \u001b[36m</nav>\u001b[39m\n        \u001b[36m<div\u001b[39m\n          \u001b[33mclass\u001b[39m=\u001b[32m\"mt-6 flex flex-col sm:flex-row sm:items-center sm:justify-between gap-4\"\u001b[39m\n        \u001b[36m>\u001b[39m\n          \u001b[36m<h1\u001b[39m\n            \u001b[33mclass\u001b[39m=\u001b[32m\"text-2xl font-bold text-white\"\u001b[39m\n          \u001b[36m>\u001b[39m\n            \u001b[0m휴지통\u001b[0m\n          \u001b[36m</h1>\u001b[39m\n        \u001b[36m</div>\u001b[39m\n      \u001b[36m</header>\u001b[39m\n      \u001b[36m<div\u001b[39m\n        \u001b[33maria-live\u001b[39m=\u001b[32m\"polite\"\u001b[39m\n        \u001b[33mclass\u001b[39m=\u001b[32m\"flex flex-col items-center justify-center py-16 px-6 rounded-xl border border-white/10 bg-slate-800/40\"\u001b[39m\n        \u001b[33mrole\u001b[39m=\u001b[32m\"status\"\u001b[39m\n      \u001b[36m>\u001b[39m\n        \u001b[36m<div\u001b[39m\n          \u001b[33mclass\u001b[39m=\u001b[32m\"inline-flex items-center justify-center w-16 h-16 rounded-full bg-slate-700/60 border border-white/10 mb-4\"\u001b[39m\n        \u001b[36m>\u001b[39m\n          \u001b[36m<svg\u001b[39m\n            \u001b[33maria-hidden\u001b[39m=\u001b[32m\"true\"\u001b[39m\n            \u001b[33mclass\u001b[39m=\u001b[32m\"lucide lucide-trash2 lucide-trash-2 w-8 h-8 text-gray-500\"\u001b[39m\n            \u001b[33mfill\u001b[39m=\u001b[32m\"none\"\u001b[39m\n            \u001b[33mheight\u001b[39m=\u001b[32m\"24\"\u001b[39m\n            \u001b[33mstroke\u001b[39m=\u001b[32m\"currentColor\"\u001b[39m\n            \u001b[33mstroke-linecap\u001b[39m=\u001b[32m\"round\"\u001b[39m\n            \u001b[33mstroke-linejoin\u001b[39m=\u001b[32m\"round\"\u001b[39m\n            \u001b[33mstroke-width\u001b[39m=\u001b[32m\"2\"\u001b[39m\n            \u001b[33mviewBox\u001b[39m=\u001b[32m\"0 0 24 24\"\u001b[39m\n            \u001b[33mwidth\u001b[39m=\u001b[32m\"24\"\u001b[39m\n            \u001b[33mxmlns\u001b[39m=\u001b[32m\"http://www.w3.org/2000/svg\"\u001b[39m\n          \u001b[36m>\u001b[39m\n            \u001b[36m<path\u001b[39m\n              \u001b[33md\u001b[39m=\u001b[32m\"M10 11v6\"\u001b[39m\n            \u001b[36m/>\u001b[39m\n            \u001b[36m<path\u001b[39m\n              \u001b[33md\u001b[39m=\u001b[32m\"M14 11v6\"\u001b[39m\n            \u001b[36m/>\u001b[39m\n            \u001b[36m<path\u001b[39m\n              \u001b[33md\u001b[39m=\u001b[32m\"M19 6v14a2 2 0 0 1-2 2H7a2 2 0 0 1-2-2V6\"\u001b[39m\n            \u001b[36m/>\u001b[39m\n            \u001b[36m<path\u001b[39m\n              \u001b[33md\u001b[39m=\u001b[32m\"M3 6h18\"\u001b[39m\n            \u001b[36m/>\u001b[39m\n            \u001b[36m<path\u001b[39m\n              \u001b[33md\u001b[39m=\u001b[32m\"M8 6V4a2 2 0 0 1 2-2h4a2 2 0 0 1 2 2v2\"\u001b[39m\n            \u001b[36m/>\u001b[39m\n          \u001b[36m</svg>\u001b[39m\n        \u001b[36m</div>\u001b[39m\n        \u001b[36m<h2\u001b[39m\n          \u001b[33mclass\u001b[39m=\u001b[32m\"text-xl font-semibold text-gray-300 mb-2\"\u001b[39m\n        \u001b[36m>\u001b[39m\n          \u001b[0m휴지통이 비어 있습니다\u001b[0m\n        \u001b[36m</h2>\u001b[39m\n        \u001b[36m<p\u001b[39m\n          \u001b[33mclass\u001b[39m=\u001b[32m\"text-gray-500 mb-6 text-center max-w-sm\"\u001b[39m\n        \u001b[36m>\u001b[39m\n          \u001b[0m삭제된 구성요소가 없습니다\u001b[0m\n        \u001b[36m</p>\u001b[39m\n        \u001b[36m<a\u001b[39m\n          \u001b[33mclass\u001b[39m=\u001b[32m\"inline-flex items-center gap-2 px-4 py-2 rounded-lg bg-cyan-500/20 hover:bg-cyan-500/30 border border-cyan-400/50 text-cyan-400 font-medium transition-colors focus:outline-none focus:ring-2 focus:ring-cyan-400 focus:ring-offset-2 focus:ring-offset-slate-950\"\u001b[39m\n          \u001b[33mdata-discover\u001b[39m=\u001b[32m\"true\"\u001b[39m\n          \u001b[33mhref\u001b[39m=\u001b[32m\"/components\"\u001b[39m\n        \u001b[36m>\u001b[39m\n          \u001b[0m구성요소 목록으로\u001b[0m\n        \u001b[36m</a>\u001b[39m\n      \u001b[36m</div>\u001b[39m\n    \u001b[36m</main>\u001b[39m\n  \u001b[36m</div>\u001b[39m\n\u001b[36m</body>\u001b[39m\n    at waitForWrapper (/Users/aroido_work/code/vibesmith/packages/web/node_modules/@testing-library/dom/dist/wait-for.js:163:27)\n    at /Users/aroido_work/code/vibesmith/packages/web/node_modules/@testing-library/dom/dist/query-helpers.js:86:33\n    at /Users/aroido_work/code/vibesmith/packages/web/src/features/trash/components/TrashPage.test.tsx:73:18\n    at file:///Users/aroido_work/code/vibesmith/packages/web/node_modules/@vitest/runner/dist/index.js:145:11\n    at file:///Users/aroido_work/code/vibesmith/packages/web/node_modules/@vitest/runner/dist/index.js:915:26\n    at file:///Users/aroido_work/code/vibesmith/packages/web/node_modules/@vitest/runner/dist/index.js:1243:20\n    at new Promise (<anonymous>)\n    at runWithTimeout (file:///Users/aroido_work/code/vibesmith/packages/web/node_modules/@vitest/runner/dist/index.js:1209:10)\n    at file:///Users/aroido_work/code/vibesmith/packages/web/node_modules/@vitest/runner/dist/index.js:1653:37\n    at Traces.$ (file:///Users/aroido_work/code/vibesmith/packages/web/node_modules/vitest/dist/chunks/traces.CCmnQaNT.js:142:27)"],"meta":{}}],"startTime":1771311923025,"endTime":1771311926278.3875,"status":"failed","message":"","name":"/Users/aroido_work/code/vibesmith/packages/web/src/features/trash/components/TrashPage.test.tsx"},{"assertionResults":[{"ancestorTitles":["ConflictBadgeWidget"],"fullName":"ConflictBadgeWidget should render loading state initially","status":"passed","title":"should render loading state initially","duration":14.467165999999906,"failureMessages":[],"meta":{}},{"ancestorTitles":["ConflictBadgeWidget"],"fullName":"ConflictBadgeWidget should render conflict badge when conflicts exist","status":"passed","title":"should render conflict badge when conflicts exist","duration":23.65666699999997,"failureMessages":[],"meta":{}},{"ancestorTitles":["ConflictBadgeWidget"],"fullName":"ConflictBadgeWidget should open modal when View button is clicked","status":"failed","title":"should open modal when View button is clicked","duration":1159.8808330000002,"failureMessages":["Error: expect(received).toBeInTheDocument()\n\nreceived value must be an HTMLElement or an SVGElement.\nReceived has type:  Null\nReceived has value: null\n\nIgnored nodes: comments, script, style\n\u001b[36m<html\u001b[39m\n  \u001b[33mlang\u001b[39m=\u001b[32m\"ko\"\u001b[39m\n\u001b[36m>\u001b[39m\n  \u001b[36m<head />\u001b[39m\n  \u001b[36m<body\u001b[39m\n    \u001b[33mdata-scroll-locked\u001b[39m=\u001b[32m\"1\"\u001b[39m\n    \u001b[33mstyle\u001b[39m=\u001b[32m\"pointer-events: none;\"\u001b[39m\n  \u001b[36m>\u001b[39m\n    \u001b[36m<span\u001b[39m\n      \u001b[33maria-hidden\u001b[39m=\u001b[32m\"true\"\u001b[39m\n      \u001b[33mdata-aria-hidden\u001b[39m=\u001b[32m\"true\"\u001b[39m\n      \u001b[33mdata-radix-focus-guard\u001b[39m=\u001b[32m\"\"\u001b[39m\n      \u001b[33mstyle\u001b[39m=\u001b[32m\"outline: none; opacity: 0; position: fixed; pointer-events: none;\"\u001b[39m\n      \u001b[33mtabindex\u001b[39m=\u001b[32m\"0\"\u001b[39m\n    \u001b[36m/>\u001b[39m\n    \u001b[36m<div\u001b[39m\n      \u001b[33maria-hidden\u001b[39m=\u001b[32m\"true\"\u001b[39m\n      \u001b[33mdata-aria-hidden\u001b[39m=\u001b[32m\"true\"\u001b[39m\n    \u001b[36m>\u001b[39m\n      \u001b[36m<section\u001b[39m\n        \u001b[33maria-label\u001b[39m=\u001b[32m\"스킬 충돌 경고: 1개 충돌 발견\"\u001b[39m\n        \u001b[33mclass\u001b[39m=\u001b[32m\"rounded-2xl bg-slate-800/60 backdrop-blur-md border border-orange-400/30 p-6 transition-all duration-300 hover:shadow-lg hover:shadow-orange-400/10\"\u001b[39m\n      \u001b[36m>\u001b[39m\n        \u001b[36m<div\u001b[39m\n          \u001b[33mclass\u001b[39m=\u001b[32m\"flex items-center justify-between mb-3\"\u001b[39m\n        \u001b[36m>\u001b[39m\n          \u001b[36m<h2\u001b[39m\n            \u001b[33mclass\u001b[39m=\u001b[32m\"text-lg font-semibold text-white flex items-center gap-2\"\u001b[39m\n          \u001b[36m>\u001b[39m\n            \u001b[36m<span\u001b[39m\n              \u001b[33maria-hidden\u001b[39m=\u001b[32m\"true\"\u001b[39m\n            \u001b[36m>\u001b[39m\n              \u001b[36m<svg\u001b[39m\n                \u001b[33maria-hidden\u001b[39m=\u001b[32m\"true\"\u001b[39m\n                \u001b[33mclass\u001b[39m=\u001b[32m\"lucide lucide-triangle-alert w-5 h-5 text-orange-400\"\u001b[39m\n                \u001b[33mfill\u001b[39m=\u001b[32m\"none\"\u001b[39m\n                \u001b[33mheight\u001b[39m=\u001b[32m\"24\"\u001b[39m\n                \u001b[33mstroke\u001b[39m=\u001b[32m\"currentColor\"\u001b[39m\n                \u001b[33mstroke-linecap\u001b[39m=\u001b[32m\"round\"\u001b[39m\n                \u001b[33mstroke-linejoin\u001b[39m=\u001b[32m\"round\"\u001b[39m\n                \u001b[33mstroke-width\u001b[39m=\u001b[32m\"2\"\u001b[39m\n                \u001b[33mviewBox\u001b[39m=\u001b[32m\"0 0 24 24\"\u001b[39m\n                \u001b[33mwidth\u001b[39m=\u001b[32m\"24\"\u001b[39m\n                \u001b[33mxmlns\u001b[39m=\u001b[32m\"http://www.w3.org/2000/svg\"\u001b[39m\n              \u001b[36m>\u001b[39m\n                \u001b[36m<path\u001b[39m\n                  \u001b[33md\u001b[39m=\u001b[32m\"m21.73 18-8-14a2 2 0 0 0-3.48 0l-8 14A2 2 0 0 0 4 21h16a2 2 0 0 0 1.73-3\"\u001b[39m\n                \u001b[36m/>\u001b[39m\n                \u001b[36m<path\u001b[39m\n                  \u001b[33md\u001b[39m=\u001b[32m\"M12 9v4\"\u001b[39m\n                \u001b[36m/>\u001b[39m\n                \u001b[36m<path\u001b[39m\n                  \u001b[33md\u001b[39m=\u001b[32m\"M12 17h.01\"\u001b[39m\n                \u001b[36m/>\u001b[39m\n              \u001b[36m</svg>\u001b[39m\n            \u001b[36m</span>\u001b[39m\n            \u001b[0m스킬 충돌\u001b[0m\n          \u001b[36m</h2>\u001b[39m\n          \u001b[36m<button\u001b[39m\n            \u001b[33maria-label\u001b[39m=\u001b[32m\"충돌 1개 보기\"\u001b[39m\n            \u001b[33mclass\u001b[39m=\u001b[32m\"px-3 py-1.5 rounded-lg bg-orange-500/30 hover:bg-orange-500/50 text-orange-200 text-sm font-medium transition-colors focus:outline-none focus:ring-2 focus:ring-orange-400 focus:ring-offset-2 focus:ring-offset-slate-900\"\u001b[39m\n            \u001b[33mtype\u001b[39m=\u001b[32m\"button\"\u001b[39m\n          \u001b[36m>\u001b[39m\n            \u001b[0m보기 (1)\u001b[0m\n          \u001b[36m</button>\u001b[39m\n        \u001b[36m</div>\u001b[39m\n        \u001b[36m<p\u001b[39m\n          \u001b[33mclass\u001b[39m=\u001b[32m\"text-sm text-gray-400 mb-2\"\u001b[39m\n        \u001b[36m>\u001b[39m\n          \u001b[0m글로벌과 프로젝트에 동일한 이름의 구성요소가 1개 있습니다\u001b[0m\n        \u001b[36m</p>\u001b[39m\n        \u001b[36m<p\u001b[39m\n          \u001b[33mclass\u001b[39m=\u001b[32m\"text-sm text-gray-300 font-mono\"\u001b[39m\n        \u001b[36m>\u001b[39m\n          \u001b[0m영향\u001b[0m\n          \u001b[0m: \u001b[0m\n          \u001b[0mgit-commit\u001b[0m\n        \u001b[36m</p>\u001b[39m\n        \u001b[36m<p\u001b[39m\n          \u001b[33mclass\u001b[39m=\u001b[32m\"text-xs text-gray-500 mt-2\"\u001b[39m\n        \u001b[36m>\u001b[39m\n          \u001b[0m우선순위: 프로젝트 &gt; 글로벌 (AI는 프로젝트 버전 사용)\u001b[0m\n        \u001b[36m</p>\u001b[39m\n      \u001b[36m</section>\u001b[39m\n    \u001b[36m</div>\u001b[39m\n    \u001b[36m<div\u001b[39m\n      \u001b[33maria-hidden\u001b[39m=\u001b[32m\"true\"\u001b[39m\n      \u001b[33mclass\u001b[39m=\u001b[32m\"fixed inset-0 z-50 bg-black/80 data-[state=open]:animate-in data-[state=closed]:animate-out data-[state=closed]:fade-out-0 data-[state=open]:fade-in-0\"\u001b[39m\n      \u001b[33mdata-aria-hidden\u001b[39m=\u001b[32m\"true\"\u001b[39m\n      \u001b[33mdata-state\u001b[39m=\u001b[32m\"open\"\u001b[39m\n      \u001b[33mstyle\u001b[39m=\u001b[32m\"pointer-events: auto;\"\u001b[39m\n    \u001b[36m/>\u001b[39m\n    \u001b[36m<div\u001b[39m\n      \u001b[33maria-describedby\u001b[39m=\u001b[32m\"conflict-list-desc\"\u001b[39m\n      \u001b[33maria-labelledby\u001b[39m=\u001b[32m\"conflict-list-title\"\u001b[39m\n      \u001b[33mclass\u001b[39m=\u001b[32m\"fixed left-[50%] top-[50%] z-50 w-full translate-x-[-50%] translate-y-[-50%] gap-4 border p-6 shadow-lg duration-200 data-[state=open]:animate-in data-[state=closed]:animate-out data-[state=closed]:fade-out-0 data-[state=open]:fade-in-0 data-[state=closed]:zoom-out-95 data-[state=open]:zoom-in-95 data-[state=closed]:slide-out-to-left-1/2 data-[state=closed]:slide-out-to-top-[48%] data-[state=open]:slide-in-from-left-1/2 data-[state=open]:slide-in-from-top-[48%] sm:rounded-lg max-w-2xl max-h-[90vh] overflow-hidden flex flex-col bg-slate-900 border-white/10 text-white\"\u001b[39m\n      \u001b[33mdata-state\u001b[39m=\u001b[32m\"open\"\u001b[39m\n      \u001b[33mid\u001b[39m=\u001b[32m\"radix-_r_3_\"\u001b[39m\n      \u001b[33mrole\u001b[39m=\u001b[32m\"dialog\"\u001b[39m\n      \u001b[33mstyle\u001b[39m=\u001b[32m\"pointer-events: auto;\"\u001b[39m\n      \u001b[33mtabindex\u001b[39m=\u001b[32m\"-1\"\u001b[39m\n    \u001b[36m>\u001b[39m\n      \u001b[36m<div\u001b[39m\n        \u001b[33mclass\u001b[39m=\u001b[32m\"flex flex-col space-y-1.5 text-center sm:text-left\"\u001b[39m\n      \u001b[36m>\u001b[39m\n        \u001b[36m<h2\u001b[39m\n          \u001b[33mclass\u001b[39m=\u001b[32m\"font-semibold tracking-tight text-xl text-white\"\u001b[39m\n          \u001b[33mid\u001b[39m=\u001b[32m\"conflict-list-title\"\u001b[39m\n        \u001b[36m>\u001b[39m\n          \u001b[0m스킬 충돌 목록\u001b[0m\n        \u001b[36m</h2>\u001b[39m\n        \u001b[36m<p\u001b[39m\n          \u001b[33mclass\u001b[39m=\u001b[32m\"text-sm text-gray-400 mt-1\"\u001b[39m\n          \u001b[33mid\u001b[39m=\u001b[32m\"conflict-list-desc\"\u001b[39m\n        \u001b[36m>\u001b[39m\n          \u001b[0m1개 충돌이 발견되었습니다. 항목을 클릭하여 비교하세요.\u001b[0m\n        \u001b[36m</p>\u001b[39m\n      \u001b[36m</div>\u001b[39m\n      \u001b[36m<div\u001b[39m\n        \u001b[33mclass\u001b[39m=\u001b[32m\"flex-1 overflow-y-auto space-y-2 pr-2 mt-4\"\u001b[39m\n      \u001b[36m>\u001b[39m\n        \u001b[36m<button\u001b[39m\n          \u001b[33maria-label\u001b[39m=\u001b[32m\"git-commit (vibesmith) 비교 보기\"\u001b[39m\n          \u001b[33mclass\u001b[39m=\u001b[32m\"w-full text-left p-4 rounded-lg border border-white/10 bg-slate-800/60 hover:bg-slate-700/60 transition-colors focus:outline-none focus:ring-2 focus:ring-orange-400 focus:ring-offset-2 focus:ring-offset-slate-900\"\u001b[39m\n          \u001b[33mtype\u001b[39m=\u001b[32m\"button\"\u001b[39m\n        \u001b[36m>\u001b[39m\n          \u001b[36m<div\u001b[39m\n            \u001b[33mclass\u001b[39m=\u001b[32m\"flex items-center justify-between gap-2\"\u001b[39m\n          \u001b[36m>\u001b[39m\n            \u001b[36m<div\u001b[39m\n              \u001b[33mclass\u001b[39m=\u001b[32m\"flex items-center gap-2 min-w-0\"\u001b[39m\n            \u001b[36m>\u001b[39m\n              \u001b[36m<span\u001b[39m\n                \u001b[33maria-hidden\u001b[39m=\u001b[32m\"true\"\u001b[39m\n                \u001b[33mclass\u001b[39m=\u001b[32m\"text-lg\"\u001b[39m\n              \u001b[36m>\u001b[39m\n                \u001b[0m📦\u001b[0m\n              \u001b[36m</span>\u001b[39m\n              \u001b[36m<span\u001b[39m\n                \u001b[33mclass\u001b[39m=\u001b[32m\"font-mono font-semibold text-white truncate\"\u001b[39m\n              \u001b[36m>\u001b[39m\n                \u001b[0mgit-commit\u001b[0m\n              \u001b[36m</span>\u001b[39m\n              \u001b[36m<span\u001b[39m\n                \u001b[33mclass\u001b[39m=\u001b[32m\"text-xs text-gray-400 shrink-0\"\u001b[39m\n   ...\n    at Proxy.expectWrapper (file:///Users/aroido_work/code/vibesmith/packages/web/node_modules/@vitest/expect/dist/index.js:1808:36)\n    at Proxy.<anonymous> (file:///Users/aroido_work/code/vibesmith/packages/web/node_modules/@vitest/expect/dist/index.js:1090:14)\n    at Proxy.methodWrapper (file:///Users/aroido_work/code/vibesmith/packages/web/node_modules/chai/index.js:1700:25)\n    at /Users/aroido_work/code/vibesmith/packages/web/src/features/skill-conflict-detection/__tests__/ConflictBadgeWidget.test.tsx:87:60\n    at runWithExpensiveErrorDiagnosticsDisabled (/Users/aroido_work/code/vibesmith/packages/web/node_modules/@testing-library/dom/dist/config.js:47:12)\n    at checkCallback (/Users/aroido_work/code/vibesmith/packages/web/node_modules/@testing-library/dom/dist/wait-for.js:124:77)\n    at Timeout.checkRealTimersCallback (/Users/aroido_work/code/vibesmith/packages/web/node_modules/@testing-library/dom/dist/wait-for.js:118:16)\n    at listOnTimeout (node:internal/timers:614:17)\n    at processTimers (node:internal/timers:549:7)"],"meta":{}},{"ancestorTitles":["ConflictBadgeWidget"],"fullName":"ConflictBadgeWidget should return null when no conflicts","status":"passed","title":"should return null when no conflicts","duration":3.625250000000051,"failureMessages":[],"meta":{}}],"startTime":1771311922932,"endTime":1771311924133.6252,"status":"failed","message":"","name":"/Users/aroido_work/code/vibesmith/packages/web/src/features/skill-conflict-detection/__tests__/ConflictBadgeWidget.test.tsx"},{"assertionResults":[{"ancestorTitles":["SaveStep API (saveComponent)"],"fullName":"SaveStep API (saveComponent) should save component successfully via POST /api/components","status":"failed","title":"should save component successfully via POST /api/components","duration":25.023374999999987,"failureMessages":["TypeError: fetch failed\n    at node:internal/deps/undici/undici:13502:13\n    at processTicksAndRejections (node:internal/process/task_queues:105:5)\n    at until (file:///Users/aroido_work/code/vibesmith/packages/web/node_modules/@open-draft/until/lib/index.mjs:4:18)\n    at Object.passthrough (file:///Users/aroido_work/code/vibesmith/packages/web/node_modules/@mswjs/interceptors/lib/node/fetch-G1DVwDKG.mjs:178:63)\n    at RequestController.passthrough (file:///Users/aroido_work/code/vibesmith/packages/web/node_modules/@mswjs/interceptors/lib/node/fetchUtils-CoU35g3M.mjs:198:3)\n    at handleRequest (file:///Users/aroido_work/code/vibesmith/packages/web/node_modules/@mswjs/interceptors/lib/node/handleRequest-Y97UwBbF.mjs:184:74)\n    at globalThis.fetch (file:///Users/aroido_work/code/vibesmith/packages/web/node_modules/@mswjs/interceptors/lib/node/fetch-G1DVwDKG.mjs:242:4)\n    at apiFetch (/Users/aroido_work/code/vibesmith/packages/web/src/common/api/client.ts:56:20)\n    at apiClient (/Users/aroido_work/code/vibesmith/packages/web/src/common/api/client.ts:109:20)\n    at /Users/aroido_work/code/vibesmith/packages/web/src/features/component-wizard/components/steps/SaveStep.integration.test.tsx:52:20"],"meta":{}},{"ancestorTitles":["SaveStep API (saveComponent)"],"fullName":"SaveStep API (saveComponent) should throw when API returns 400 (duplicate)","status":"passed","title":"should throw when API returns 400 (duplicate)","duration":6.498708000000079,"failureMessages":[],"meta":{}},{"ancestorTitles":["SaveStep API (saveComponent)"],"fullName":"SaveStep API (saveComponent) should throw when API returns 500","status":"passed","title":"should throw when API returns 500","duration":3.608457999999928,"failureMessages":[],"meta":{}}],"startTime":1771311922807,"endTime":1771311922842.6084,"status":"failed","message":"","name":"/Users/aroido_work/code/vibesmith/packages/web/src/features/component-wizard/components/steps/SaveStep.integration.test.tsx"}]}